{"/Users/markrobertaldecimo/Documents/Saperium/node-eventstore/jasmine/eventstore-projection.jasmine-spec.js":{"path":"/Users/markrobertaldecimo/Documents/Saperium/node-eventstore/jasmine/eventstore-projection.jasmine-spec.js","statementMap":{"0":{"start":{"line":1,"column":33},"end":{"line":1,"column":95}},"1":{"start":{"line":3,"column":0},"end":{"line":75,"column":2}},"2":{"start":{"line":5,"column":4},"end":{"line":13,"column":7}},"3":{"start":{"line":7,"column":8},"end":{"line":7,"column":58}},"4":{"start":{"line":9,"column":8},"end":{"line":9,"column":96}},"5":{"start":{"line":10,"column":8},"end":{"line":12,"column":10}},"6":{"start":{"line":11,"column":12},"end":{"line":11,"column":17}},"7":{"start":{"line":15,"column":4},"end":{"line":74,"column":7}},"8":{"start":{"line":16,"column":8},"end":{"line":59,"column":10}},"9":{"start":{"line":17,"column":12},"end":{"line":22,"column":15}},"10":{"start":{"line":18,"column":16},"end":{"line":21,"column":19}},"11":{"start":{"line":19,"column":20},"end":{"line":19,"column":82}},"12":{"start":{"line":20,"column":20},"end":{"line":20,"column":27}},"13":{"start":{"line":24,"column":12},"end":{"line":29,"column":15}},"14":{"start":{"line":25,"column":16},"end":{"line":28,"column":19}},"15":{"start":{"line":26,"column":20},"end":{"line":26,"column":78}},"16":{"start":{"line":27,"column":20},"end":{"line":27,"column":27}},"17":{"start":{"line":31,"column":12},"end":{"line":38,"column":15}},"18":{"start":{"line":32,"column":16},"end":{"line":37,"column":19}},"19":{"start":{"line":35,"column":20},"end":{"line":35,"column":71}},"20":{"start":{"line":36,"column":20},"end":{"line":36,"column":27}},"21":{"start":{"line":40,"column":12},"end":{"line":47,"column":15}},"22":{"start":{"line":41,"column":16},"end":{"line":44,"column":19}},"23":{"start":{"line":45,"column":16},"end":{"line":45,"column":42}},"24":{"start":{"line":46,"column":16},"end":{"line":46,"column":23}},"25":{"start":{"line":50,"column":12},"end":{"line":58,"column":15}},"26":{"start":{"line":51,"column":28},"end":{"line":54,"column":18}},"27":{"start":{"line":56,"column":16},"end":{"line":56,"column":44}},"28":{"start":{"line":57,"column":16},"end":{"line":57,"column":23}},"29":{"start":{"line":61,"column":8},"end":{"line":73,"column":10}},"30":{"start":{"line":62,"column":12},"end":{"line":72,"column":15}},"31":{"start":{"line":63,"column":16},"end":{"line":70,"column":19}},"32":{"start":{"line":67,"column":20},"end":{"line":67,"column":50}},"33":{"start":{"line":68,"column":20},"end":{"line":68,"column":85}},"34":{"start":{"line":69,"column":20},"end":{"line":69,"column":27}}},"fnMap":{"0":{"name":"(anonymous_0)","decl":{"start":{"line":3,"column":40},"end":{"line":3,"column":41}},"loc":{"start":{"line":3,"column":46},"end":{"line":75,"column":1}},"line":3},"1":{"name":"(anonymous_1)","decl":{"start":{"line":5,"column":15},"end":{"line":5,"column":16}},"loc":{"start":{"line":5,"column":21},"end":{"line":13,"column":5}},"line":5},"2":{"name":"(anonymous_2)","decl":{"start":{"line":10,"column":59},"end":{"line":10,"column":60}},"loc":{"start":{"line":10,"column":74},"end":{"line":12,"column":9}},"line":10},"3":{"name":"(anonymous_3)","decl":{"start":{"line":15,"column":24},"end":{"line":15,"column":25}},"loc":{"start":{"line":15,"column":30},"end":{"line":74,"column":5}},"line":15},"4":{"name":"(anonymous_4)","decl":{"start":{"line":16,"column":49},"end":{"line":16,"column":50}},"loc":{"start":{"line":16,"column":55},"end":{"line":59,"column":9}},"line":16},"5":{"name":"(anonymous_5)","decl":{"start":{"line":17,"column":70},"end":{"line":17,"column":71}},"loc":{"start":{"line":17,"column":80},"end":{"line":22,"column":13}},"line":17},"6":{"name":"(anonymous_6)","decl":{"start":{"line":18,"column":47},"end":{"line":18,"column":48}},"loc":{"start":{"line":18,"column":63},"end":{"line":21,"column":17}},"line":18},"7":{"name":"(anonymous_7)","decl":{"start":{"line":24,"column":66},"end":{"line":24,"column":67}},"loc":{"start":{"line":24,"column":76},"end":{"line":29,"column":13}},"line":24},"8":{"name":"(anonymous_8)","decl":{"start":{"line":25,"column":45},"end":{"line":25,"column":46}},"loc":{"start":{"line":25,"column":61},"end":{"line":28,"column":17}},"line":25},"9":{"name":"(anonymous_9)","decl":{"start":{"line":31,"column":59},"end":{"line":31,"column":60}},"loc":{"start":{"line":31,"column":69},"end":{"line":38,"column":13}},"line":31},"10":{"name":"(anonymous_10)","decl":{"start":{"line":34,"column":19},"end":{"line":34,"column":20}},"loc":{"start":{"line":34,"column":35},"end":{"line":37,"column":17}},"line":34},"11":{"name":"(anonymous_11)","decl":{"start":{"line":40,"column":74},"end":{"line":40,"column":75}},"loc":{"start":{"line":40,"column":84},"end":{"line":47,"column":13}},"line":40},"12":{"name":"(anonymous_12)","decl":{"start":{"line":50,"column":37},"end":{"line":50,"column":38}},"loc":{"start":{"line":50,"column":47},"end":{"line":58,"column":13}},"line":50},"13":{"name":"(anonymous_13)","decl":{"start":{"line":61,"column":52},"end":{"line":61,"column":53}},"loc":{"start":{"line":61,"column":58},"end":{"line":73,"column":9}},"line":61},"14":{"name":"(anonymous_14)","decl":{"start":{"line":62,"column":62},"end":{"line":62,"column":63}},"loc":{"start":{"line":62,"column":72},"end":{"line":72,"column":13}},"line":62},"15":{"name":"(anonymous_15)","decl":{"start":{"line":66,"column":19},"end":{"line":66,"column":20}},"loc":{"start":{"line":66,"column":35},"end":{"line":70,"column":17}},"line":66}},"branchMap":{},"s":{"0":1,"1":1,"2":1,"3":6,"4":6,"5":6,"6":3,"7":1,"8":1,"9":1,"10":1,"11":1,"12":1,"13":1,"14":1,"15":1,"16":1,"17":1,"18":1,"19":1,"20":1,"21":1,"22":1,"23":1,"24":1,"25":1,"26":1,"27":1,"28":1,"29":1,"30":1,"31":1,"32":1,"33":1,"34":1},"f":{"0":1,"1":6,"2":3,"3":1,"4":1,"5":1,"6":1,"7":1,"8":1,"9":1,"10":1,"11":1,"12":1,"13":1,"14":1,"15":1},"b":{},"_coverageSchema":"1a1c01bbd47fc00a2c39e90264f33305004495a9","hash":"4296b11c67ef52430a1cee5c1141e3d2223e5181","contentHash":"df2dd4e1f7868845788266683101ace12a68a02a2a5419793cada1044e434f88"},"/Users/markrobertaldecimo/Documents/Saperium/node-eventstore/lib/eventstore-projections/eventstore-projection.js":{"path":"/Users/markrobertaldecimo/Documents/Saperium/node-eventstore/lib/eventstore-projections/eventstore-projection.js","statementMap":{"0":{"start":{"line":1,"column":19},"end":{"line":1,"column":43}},"1":{"start":{"line":2,"column":10},"end":{"line":2,"column":27}},"2":{"start":{"line":3,"column":13},"end":{"line":3,"column":28}},"3":{"start":{"line":36,"column":4},"end":{"line":38,"column":5}},"4":{"start":{"line":37,"column":8},"end":{"line":37,"column":60}},"5":{"start":{"line":40,"column":4},"end":{"line":40,"column":42}},"6":{"start":{"line":43,"column":0},"end":{"line":43,"column":52}},"7":{"start":{"line":46,"column":0},"end":{"line":46,"column":58}},"8":{"start":{"line":47,"column":0},"end":{"line":47,"column":74}},"9":{"start":{"line":54,"column":0},"end":{"line":67,"column":2}},"10":{"start":{"line":55,"column":4},"end":{"line":66,"column":5}},"11":{"start":{"line":57,"column":8},"end":{"line":61,"column":11}},"12":{"start":{"line":58,"column":12},"end":{"line":60,"column":13}},"13":{"start":{"line":59,"column":16},"end":{"line":59,"column":32}},"14":{"start":{"line":63,"column":8},"end":{"line":65,"column":9}},"15":{"start":{"line":64,"column":12},"end":{"line":64,"column":28}},"16":{"start":{"line":69,"column":0},"end":{"line":98,"column":2}},"17":{"start":{"line":70,"column":4},"end":{"line":97,"column":5}},"18":{"start":{"line":71,"column":8},"end":{"line":73,"column":9}},"19":{"start":{"line":72,"column":12},"end":{"line":72,"column":60}},"20":{"start":{"line":75,"column":8},"end":{"line":77,"column":9}},"21":{"start":{"line":76,"column":12},"end":{"line":76,"column":56}},"22":{"start":{"line":79,"column":8},"end":{"line":81,"column":9}},"23":{"start":{"line":80,"column":12},"end":{"line":80,"column":49}},"24":{"start":{"line":82,"column":29},"end":{"line":82,"column":58}},"25":{"start":{"line":83,"column":24},"end":{"line":83,"column":64}},"26":{"start":{"line":84,"column":20},"end":{"line":84,"column":83}},"27":{"start":{"line":86,"column":30},"end":{"line":90,"column":9}},"28":{"start":{"line":92,"column":23},"end":{"line":92,"column":72}},"29":{"start":{"line":94,"column":8},"end":{"line":94,"column":29}},"30":{"start":{"line":95,"column":8},"end":{"line":95,"column":54}},"31":{"start":{"line":96,"column":8},"end":{"line":96,"column":20}},"32":{"start":{"line":104,"column":0},"end":{"line":118,"column":1}},"33":{"start":{"line":105,"column":4},"end":{"line":117,"column":7}},"34":{"start":{"line":106,"column":8},"end":{"line":116,"column":9}},"35":{"start":{"line":107,"column":12},"end":{"line":113,"column":15}},"36":{"start":{"line":108,"column":16},"end":{"line":112,"column":17}},"37":{"start":{"line":109,"column":20},"end":{"line":109,"column":32}},"38":{"start":{"line":111,"column":20},"end":{"line":111,"column":36}},"39":{"start":{"line":115,"column":12},"end":{"line":115,"column":26}},"40":{"start":{"line":120,"column":0},"end":{"line":125,"column":1}},"41":{"start":{"line":121,"column":21},"end":{"line":123,"column":102}},"42":{"start":{"line":124,"column":4},"end":{"line":124,"column":19}},"43":{"start":{"line":127,"column":0},"end":{"line":127,"column":42}}},"fnMap":{"0":{"name":"EventstoreWithProjection","decl":{"start":{"line":34,"column":9},"end":{"line":34,"column":33}},"loc":{"start":{"line":34,"column":50},"end":{"line":41,"column":1}},"line":34},"1":{"name":"(anonymous_1)","decl":{"start":{"line":54,"column":45},"end":{"line":54,"column":46}},"loc":{"start":{"line":54,"column":82},"end":{"line":67,"column":1}},"line":54},"2":{"name":"(anonymous_2)","decl":{"start":{"line":57,"column":61},"end":{"line":57,"column":62}},"loc":{"start":{"line":57,"column":77},"end":{"line":61,"column":9}},"line":57},"3":{"name":"(anonymous_3)","decl":{"start":{"line":69,"column":46},"end":{"line":69,"column":47}},"loc":{"start":{"line":69,"column":79},"end":{"line":98,"column":1}},"line":69},"4":{"name":"(anonymous_4)","decl":{"start":{"line":104,"column":59},"end":{"line":104,"column":60}},"loc":{"start":{"line":104,"column":75},"end":{"line":118,"column":1}},"line":104},"5":{"name":"(anonymous_5)","decl":{"start":{"line":105,"column":23},"end":{"line":105,"column":24}},"loc":{"start":{"line":105,"column":44},"end":{"line":117,"column":5}},"line":105},"6":{"name":"(anonymous_6)","decl":{"start":{"line":107,"column":45},"end":{"line":107,"column":46}},"loc":{"start":{"line":107,"column":67},"end":{"line":113,"column":13}},"line":107},"7":{"name":"(anonymous_7)","decl":{"start":{"line":120,"column":49},"end":{"line":120,"column":50}},"loc":{"start":{"line":120,"column":65},"end":{"line":125,"column":1}},"line":120}},"branchMap":{"0":{"loc":{"start":{"line":36,"column":4},"end":{"line":38,"column":5}},"type":"if","locations":[{"start":{"line":36,"column":4},"end":{"line":38,"column":5}},{"start":{"line":36,"column":4},"end":{"line":38,"column":5}}],"line":36},"1":{"loc":{"start":{"line":36,"column":8},"end":{"line":36,"column":43}},"type":"binary-expr","locations":[{"start":{"line":36,"column":8},"end":{"line":36,"column":15}},{"start":{"line":36,"column":19},"end":{"line":36,"column":43}}],"line":36},"2":{"loc":{"start":{"line":58,"column":12},"end":{"line":60,"column":13}},"type":"if","locations":[{"start":{"line":58,"column":12},"end":{"line":60,"column":13}},{"start":{"line":58,"column":12},"end":{"line":60,"column":13}}],"line":58},"3":{"loc":{"start":{"line":63,"column":8},"end":{"line":65,"column":9}},"type":"if","locations":[{"start":{"line":63,"column":8},"end":{"line":65,"column":9}},{"start":{"line":63,"column":8},"end":{"line":65,"column":9}}],"line":63},"4":{"loc":{"start":{"line":71,"column":8},"end":{"line":73,"column":9}},"type":"if","locations":[{"start":{"line":71,"column":8},"end":{"line":73,"column":9}},{"start":{"line":71,"column":8},"end":{"line":73,"column":9}}],"line":71},"5":{"loc":{"start":{"line":75,"column":8},"end":{"line":77,"column":9}},"type":"if","locations":[{"start":{"line":75,"column":8},"end":{"line":77,"column":9}},{"start":{"line":75,"column":8},"end":{"line":77,"column":9}}],"line":75},"6":{"loc":{"start":{"line":79,"column":8},"end":{"line":81,"column":9}},"type":"if","locations":[{"start":{"line":79,"column":8},"end":{"line":81,"column":9}},{"start":{"line":79,"column":8},"end":{"line":81,"column":9}}],"line":79},"7":{"loc":{"start":{"line":108,"column":16},"end":{"line":112,"column":17}},"type":"if","locations":[{"start":{"line":108,"column":16},"end":{"line":112,"column":17}},{"start":{"line":108,"column":16},"end":{"line":112,"column":17}}],"line":108},"8":{"loc":{"start":{"line":121,"column":21},"end":{"line":123,"column":102}},"type":"cond-expr","locations":[{"start":{"line":122,"column":8},"end":{"line":122,"column":20}},{"start":{"line":123,"column":8},"end":{"line":123,"column":102}}],"line":121},"9":{"loc":{"start":{"line":123,"column":11},"end":{"line":123,"column":30}},"type":"binary-expr","locations":[{"start":{"line":123,"column":11},"end":{"line":123,"column":24}},{"start":{"line":123,"column":28},"end":{"line":123,"column":30}}],"line":123},"10":{"loc":{"start":{"line":123,"column":34},"end":{"line":123,"column":55}},"type":"binary-expr","locations":[{"start":{"line":123,"column":34},"end":{"line":123,"column":49}},{"start":{"line":123,"column":53},"end":{"line":123,"column":55}}],"line":123},"11":{"loc":{"start":{"line":123,"column":59},"end":{"line":123,"column":100}},"type":"binary-expr","locations":[{"start":{"line":123,"column":59},"end":{"line":123,"column":76}},{"start":{"line":123,"column":80},"end":{"line":123,"column":94}},{"start":{"line":123,"column":98},"end":{"line":123,"column":100}}],"line":123}},"s":{"0":1,"1":1,"2":1,"3":6,"4":0,"5":6,"6":1,"7":1,"8":1,"9":1,"10":6,"11":6,"12":3,"13":3,"14":0,"15":0,"16":1,"17":6,"18":6,"19":1,"20":5,"21":1,"22":4,"23":1,"24":3,"25":3,"26":3,"27":3,"28":3,"29":3,"30":3,"31":3,"32":1,"33":3,"34":3,"35":3,"36":3,"37":0,"38":3,"39":0,"40":1,"41":3,"42":3,"43":1},"f":{"0":6,"1":6,"2":3,"3":6,"4":3,"5":3,"6":3,"7":3},"b":{"0":[0,6],"1":[6,0],"2":[3,0],"3":[0,0],"4":[1,5],"5":[1,4],"6":[1,3],"7":[0,3],"8":[0,3],"9":[3,3],"10":[3,3],"11":[3,3,3]},"_coverageSchema":"1a1c01bbd47fc00a2c39e90264f33305004495a9","hash":"c0047ed2f523dab6c3de8d351bd20860e63a134d","contentHash":"f73ca451d75ce345936ceafbc203913c8455a6cf157df6a3c79a9752785a6554"},"/Users/markrobertaldecimo/Documents/Saperium/node-eventstore/lib/eventstore.js":{"path":"/Users/markrobertaldecimo/Documents/Saperium/node-eventstore/lib/eventstore.js","statementMap":{"0":{"start":{"line":1,"column":12},"end":{"line":1,"column":42}},"1":{"start":{"line":2,"column":9},"end":{"line":2,"column":24}},"2":{"start":{"line":3,"column":17},"end":{"line":3,"column":47}},"3":{"start":{"line":4,"column":6},"end":{"line":4,"column":23}},"4":{"start":{"line":5,"column":10},"end":{"line":5,"column":26}},"5":{"start":{"line":6,"column":13},"end":{"line":6,"column":33}},"6":{"start":{"line":7,"column":20},"end":{"line":7,"column":48}},"7":{"start":{"line":8,"column":16},"end":{"line":8,"column":40}},"8":{"start":{"line":9,"column":13},"end":{"line":9,"column":34}},"9":{"start":{"line":18,"column":2},"end":{"line":18,"column":31}},"10":{"start":{"line":19,"column":2},"end":{"line":19,"column":21}},"11":{"start":{"line":21,"column":2},"end":{"line":21,"column":26}},"12":{"start":{"line":23,"column":2},"end":{"line":23,"column":26}},"13":{"start":{"line":26,"column":0},"end":{"line":26,"column":40}},"14":{"start":{"line":28,"column":0},"end":{"line":620,"column":3}},"15":{"start":{"line":36,"column":4},"end":{"line":41,"column":5}},"16":{"start":{"line":37,"column":6},"end":{"line":40,"column":9}},"17":{"start":{"line":38,"column":8},"end":{"line":38,"column":18}},"18":{"start":{"line":39,"column":8},"end":{"line":39,"column":23}},"19":{"start":{"line":43,"column":4},"end":{"line":43,"column":24}},"20":{"start":{"line":45,"column":4},"end":{"line":45,"column":16}},"21":{"start":{"line":61,"column":4},"end":{"line":65,"column":5}},"22":{"start":{"line":62,"column":16},"end":{"line":62,"column":64}},"23":{"start":{"line":63,"column":6},"end":{"line":63,"column":17}},"24":{"start":{"line":64,"column":6},"end":{"line":64,"column":16}},"25":{"start":{"line":67,"column":4},"end":{"line":67,"column":34}},"26":{"start":{"line":69,"column":4},"end":{"line":69,"column":16}},"27":{"start":{"line":78,"column":15},"end":{"line":78,"column":19}},"28":{"start":{"line":81,"column":6},"end":{"line":81,"column":37}},"29":{"start":{"line":82,"column":6},"end":{"line":82,"column":66}},"30":{"start":{"line":83,"column":6},"end":{"line":83,"column":38}},"31":{"start":{"line":86,"column":4},"end":{"line":88,"column":7}},"32":{"start":{"line":87,"column":6},"end":{"line":87,"column":27}},"33":{"start":{"line":90,"column":4},"end":{"line":92,"column":7}},"34":{"start":{"line":91,"column":6},"end":{"line":91,"column":30}},"35":{"start":{"line":94,"column":4},"end":{"line":110,"column":7}},"36":{"start":{"line":95,"column":6},"end":{"line":109,"column":9}},"37":{"start":{"line":96,"column":8},"end":{"line":96,"column":37}},"38":{"start":{"line":98,"column":8},"end":{"line":102,"column":9}},"39":{"start":{"line":99,"column":10},"end":{"line":99,"column":21}},"40":{"start":{"line":100,"column":10},"end":{"line":100,"column":38}},"41":{"start":{"line":100,"column":24},"end":{"line":100,"column":38}},"42":{"start":{"line":101,"column":10},"end":{"line":101,"column":17}},"43":{"start":{"line":103,"column":8},"end":{"line":107,"column":9}},"44":{"start":{"line":104,"column":10},"end":{"line":104,"column":40}},"45":{"start":{"line":105,"column":10},"end":{"line":105,"column":39}},"46":{"start":{"line":105,"column":24},"end":{"line":105,"column":39}},"47":{"start":{"line":106,"column":10},"end":{"line":106,"column":17}},"48":{"start":{"line":108,"column":8},"end":{"line":108,"column":25}},"49":{"start":{"line":124,"column":4},"end":{"line":126,"column":5}},"50":{"start":{"line":125,"column":6},"end":{"line":125,"column":116}},"51":{"start":{"line":128,"column":4},"end":{"line":132,"column":5}},"52":{"start":{"line":129,"column":6},"end":{"line":129,"column":19}},"53":{"start":{"line":130,"column":6},"end":{"line":130,"column":19}},"54":{"start":{"line":131,"column":6},"end":{"line":131,"column":17}},"55":{"start":{"line":134,"column":4},"end":{"line":136,"column":5}},"56":{"start":{"line":135,"column":6},"end":{"line":135,"column":37}},"57":{"start":{"line":138,"column":4},"end":{"line":138,"column":55}},"58":{"start":{"line":149,"column":4},"end":{"line":151,"column":5}},"59":{"start":{"line":150,"column":6},"end":{"line":150,"column":116}},"60":{"start":{"line":153,"column":4},"end":{"line":157,"column":5}},"61":{"start":{"line":154,"column":16},"end":{"line":154,"column":58}},"62":{"start":{"line":155,"column":6},"end":{"line":155,"column":17}},"63":{"start":{"line":156,"column":6},"end":{"line":156,"column":16}},"64":{"start":{"line":159,"column":15},"end":{"line":159,"column":19}},"65":{"start":{"line":160,"column":4},"end":{"line":160,"column":40}},"66":{"start":{"line":162,"column":4},"end":{"line":162,"column":66}},"67":{"start":{"line":174,"column":4},"end":{"line":176,"column":5}},"68":{"start":{"line":175,"column":6},"end":{"line":175,"column":37}},"69":{"start":{"line":178,"column":4},"end":{"line":183,"column":5}},"70":{"start":{"line":179,"column":16},"end":{"line":179,"column":61}},"71":{"start":{"line":180,"column":6},"end":{"line":180,"column":17}},"72":{"start":{"line":181,"column":6},"end":{"line":181,"column":34}},"73":{"start":{"line":181,"column":20},"end":{"line":181,"column":34}},"74":{"start":{"line":182,"column":6},"end":{"line":182,"column":13}},"75":{"start":{"line":185,"column":4},"end":{"line":185,"column":68}},"76":{"start":{"line":197,"column":4},"end":{"line":218,"column":5}},"77":{"start":{"line":198,"column":6},"end":{"line":198,"column":23}},"78":{"start":{"line":199,"column":6},"end":{"line":199,"column":15}},"79":{"start":{"line":200,"column":6},"end":{"line":200,"column":17}},"80":{"start":{"line":201,"column":6},"end":{"line":201,"column":17}},"81":{"start":{"line":202,"column":11},"end":{"line":218,"column":5}},"82":{"start":{"line":203,"column":6},"end":{"line":203,"column":22}},"83":{"start":{"line":204,"column":6},"end":{"line":204,"column":15}},"84":{"start":{"line":205,"column":6},"end":{"line":205,"column":17}},"85":{"start":{"line":206,"column":6},"end":{"line":209,"column":7}},"86":{"start":{"line":207,"column":8},"end":{"line":207,"column":21}},"87":{"start":{"line":208,"column":8},"end":{"line":208,"column":19}},"88":{"start":{"line":210,"column":11},"end":{"line":218,"column":5}},"89":{"start":{"line":211,"column":6},"end":{"line":211,"column":23}},"90":{"start":{"line":212,"column":6},"end":{"line":212,"column":17}},"91":{"start":{"line":213,"column":6},"end":{"line":217,"column":7}},"92":{"start":{"line":214,"column":8},"end":{"line":214,"column":21}},"93":{"start":{"line":215,"column":8},"end":{"line":215,"column":21}},"94":{"start":{"line":216,"column":8},"end":{"line":216,"column":19}},"95":{"start":{"line":220,"column":4},"end":{"line":222,"column":5}},"96":{"start":{"line":221,"column":6},"end":{"line":221,"column":37}},"97":{"start":{"line":224,"column":15},"end":{"line":224,"column":19}},"98":{"start":{"line":227,"column":6},"end":{"line":231,"column":7}},"99":{"start":{"line":228,"column":22},"end":{"line":228,"column":24}},"100":{"start":{"line":229,"column":8},"end":{"line":229,"column":30}},"101":{"start":{"line":230,"column":8},"end":{"line":230,"column":73}},"102":{"start":{"line":230,"column":46},"end":{"line":230,"column":69}},"103":{"start":{"line":232,"column":6},"end":{"line":232,"column":20}},"104":{"start":{"line":233,"column":6},"end":{"line":233,"column":47}},"105":{"start":{"line":237,"column":6},"end":{"line":241,"column":9}},"106":{"start":{"line":238,"column":8},"end":{"line":238,"column":38}},"107":{"start":{"line":238,"column":17},"end":{"line":238,"column":38}},"108":{"start":{"line":239,"column":8},"end":{"line":239,"column":27}},"109":{"start":{"line":240,"column":8},"end":{"line":240,"column":29}},"110":{"start":{"line":244,"column":4},"end":{"line":244,"column":45}},"111":{"start":{"line":256,"column":4},"end":{"line":260,"column":5}},"112":{"start":{"line":257,"column":16},"end":{"line":257,"column":58}},"113":{"start":{"line":258,"column":6},"end":{"line":258,"column":17}},"114":{"start":{"line":259,"column":6},"end":{"line":259,"column":16}},"115":{"start":{"line":262,"column":4},"end":{"line":269,"column":5}},"116":{"start":{"line":263,"column":6},"end":{"line":263,"column":22}},"117":{"start":{"line":264,"column":6},"end":{"line":264,"column":15}},"118":{"start":{"line":265,"column":6},"end":{"line":265,"column":17}},"119":{"start":{"line":266,"column":11},"end":{"line":269,"column":5}},"120":{"start":{"line":267,"column":6},"end":{"line":267,"column":23}},"121":{"start":{"line":268,"column":6},"end":{"line":268,"column":17}},"122":{"start":{"line":271,"column":15},"end":{"line":271,"column":19}},"123":{"start":{"line":274,"column":6},"end":{"line":278,"column":7}},"124":{"start":{"line":275,"column":22},"end":{"line":275,"column":24}},"125":{"start":{"line":276,"column":8},"end":{"line":276,"column":30}},"126":{"start":{"line":277,"column":8},"end":{"line":277,"column":73}},"127":{"start":{"line":277,"column":46},"end":{"line":277,"column":69}},"128":{"start":{"line":279,"column":6},"end":{"line":279,"column":20}},"129":{"start":{"line":280,"column":6},"end":{"line":280,"column":58}},"130":{"start":{"line":283,"column":4},"end":{"line":283,"column":40}},"131":{"start":{"line":286,"column":6},"end":{"line":290,"column":9}},"132":{"start":{"line":287,"column":8},"end":{"line":287,"column":38}},"133":{"start":{"line":287,"column":17},"end":{"line":287,"column":38}},"134":{"start":{"line":288,"column":8},"end":{"line":288,"column":27}},"135":{"start":{"line":289,"column":8},"end":{"line":289,"column":29}},"136":{"start":{"line":293,"column":4},"end":{"line":293,"column":56}},"137":{"start":{"line":305,"column":4},"end":{"line":312,"column":5}},"138":{"start":{"line":306,"column":6},"end":{"line":306,"column":24}},"139":{"start":{"line":307,"column":6},"end":{"line":307,"column":17}},"140":{"start":{"line":308,"column":6},"end":{"line":308,"column":18}},"141":{"start":{"line":309,"column":11},"end":{"line":312,"column":5}},"142":{"start":{"line":310,"column":6},"end":{"line":310,"column":24}},"143":{"start":{"line":311,"column":6},"end":{"line":311,"column":18}},"144":{"start":{"line":314,"column":4},"end":{"line":316,"column":5}},"145":{"start":{"line":315,"column":6},"end":{"line":315,"column":37}},"146":{"start":{"line":318,"column":4},"end":{"line":323,"column":5}},"147":{"start":{"line":319,"column":16},"end":{"line":319,"column":61}},"148":{"start":{"line":320,"column":6},"end":{"line":320,"column":17}},"149":{"start":{"line":321,"column":6},"end":{"line":321,"column":34}},"150":{"start":{"line":321,"column":20},"end":{"line":321,"column":34}},"151":{"start":{"line":322,"column":6},"end":{"line":322,"column":13}},"152":{"start":{"line":325,"column":4},"end":{"line":325,"column":68}},"153":{"start":{"line":337,"column":4},"end":{"line":344,"column":5}},"154":{"start":{"line":338,"column":6},"end":{"line":338,"column":24}},"155":{"start":{"line":339,"column":6},"end":{"line":339,"column":17}},"156":{"start":{"line":340,"column":6},"end":{"line":340,"column":18}},"157":{"start":{"line":341,"column":11},"end":{"line":344,"column":5}},"158":{"start":{"line":342,"column":6},"end":{"line":342,"column":24}},"159":{"start":{"line":343,"column":6},"end":{"line":343,"column":18}},"160":{"start":{"line":346,"column":4},"end":{"line":348,"column":5}},"161":{"start":{"line":347,"column":6},"end":{"line":347,"column":37}},"162":{"start":{"line":350,"column":4},"end":{"line":355,"column":5}},"163":{"start":{"line":351,"column":16},"end":{"line":351,"column":61}},"164":{"start":{"line":352,"column":6},"end":{"line":352,"column":17}},"165":{"start":{"line":353,"column":6},"end":{"line":353,"column":34}},"166":{"start":{"line":353,"column":20},"end":{"line":353,"column":34}},"167":{"start":{"line":354,"column":6},"end":{"line":354,"column":13}},"168":{"start":{"line":357,"column":15},"end":{"line":357,"column":19}},"169":{"start":{"line":359,"column":4},"end":{"line":364,"column":7}},"170":{"start":{"line":360,"column":6},"end":{"line":362,"column":7}},"171":{"start":{"line":361,"column":8},"end":{"line":361,"column":29}},"172":{"start":{"line":363,"column":6},"end":{"line":363,"column":57}},"173":{"start":{"line":375,"column":4},"end":{"line":378,"column":5}},"174":{"start":{"line":376,"column":6},"end":{"line":376,"column":24}},"175":{"start":{"line":377,"column":6},"end":{"line":377,"column":18}},"176":{"start":{"line":380,"column":4},"end":{"line":382,"column":5}},"177":{"start":{"line":381,"column":6},"end":{"line":381,"column":37}},"178":{"start":{"line":384,"column":4},"end":{"line":389,"column":5}},"179":{"start":{"line":385,"column":16},"end":{"line":385,"column":61}},"180":{"start":{"line":386,"column":6},"end":{"line":386,"column":17}},"181":{"start":{"line":387,"column":6},"end":{"line":387,"column":34}},"182":{"start":{"line":387,"column":20},"end":{"line":387,"column":34}},"183":{"start":{"line":388,"column":6},"end":{"line":388,"column":13}},"184":{"start":{"line":391,"column":15},"end":{"line":391,"column":19}},"185":{"start":{"line":393,"column":4},"end":{"line":420,"column":6}},"186":{"start":{"line":396,"column":8},"end":{"line":396,"column":56}},"187":{"start":{"line":400,"column":18},"end":{"line":400,"column":19}},"188":{"start":{"line":402,"column":8},"end":{"line":404,"column":9}},"189":{"start":{"line":403,"column":10},"end":{"line":403,"column":34}},"190":{"start":{"line":406,"column":8},"end":{"line":416,"column":11}},"191":{"start":{"line":407,"column":10},"end":{"line":409,"column":11}},"192":{"start":{"line":408,"column":12},"end":{"line":408,"column":33}},"193":{"start":{"line":411,"column":10},"end":{"line":413,"column":11}},"194":{"start":{"line":412,"column":12},"end":{"line":412,"column":48}},"195":{"start":{"line":415,"column":10},"end":{"line":415,"column":39}},"196":{"start":{"line":429,"column":4},"end":{"line":431,"column":5}},"197":{"start":{"line":430,"column":6},"end":{"line":430,"column":37}},"198":{"start":{"line":433,"column":4},"end":{"line":438,"column":5}},"199":{"start":{"line":434,"column":16},"end":{"line":434,"column":61}},"200":{"start":{"line":435,"column":6},"end":{"line":435,"column":17}},"201":{"start":{"line":436,"column":6},"end":{"line":436,"column":34}},"202":{"start":{"line":436,"column":20},"end":{"line":436,"column":34}},"203":{"start":{"line":437,"column":6},"end":{"line":437,"column":13}},"204":{"start":{"line":440,"column":4},"end":{"line":440,"column":35}},"205":{"start":{"line":442,"column":15},"end":{"line":442,"column":19}},"206":{"start":{"line":444,"column":4},"end":{"line":465,"column":6}},"207":{"start":{"line":446,"column":10},"end":{"line":446,"column":34}},"208":{"start":{"line":449,"column":10},"end":{"line":454,"column":11}},"209":{"start":{"line":450,"column":23},"end":{"line":450,"column":44}},"210":{"start":{"line":451,"column":12},"end":{"line":451,"column":42}},"211":{"start":{"line":453,"column":12},"end":{"line":453,"column":33}},"212":{"start":{"line":456,"column":10},"end":{"line":462,"column":13}},"213":{"start":{"line":457,"column":12},"end":{"line":461,"column":13}},"214":{"start":{"line":458,"column":14},"end":{"line":458,"column":102}},"215":{"start":{"line":460,"column":14},"end":{"line":460,"column":30}},"216":{"start":{"line":476,"column":15},"end":{"line":476,"column":19}},"217":{"start":{"line":478,"column":4},"end":{"line":534,"column":6}},"218":{"start":{"line":481,"column":8},"end":{"line":481,"column":32}},"219":{"start":{"line":487,"column":28},"end":{"line":487,"column":57}},"220":{"start":{"line":488,"column":30},"end":{"line":488,"column":70}},"221":{"start":{"line":489,"column":8},"end":{"line":489,"column":43}},"222":{"start":{"line":491,"column":8},"end":{"line":530,"column":11}},"223":{"start":{"line":492,"column":10},"end":{"line":493,"column":32}},"224":{"start":{"line":493,"column":12},"end":{"line":493,"column":32}},"225":{"start":{"line":495,"column":10},"end":{"line":508,"column":11}},"226":{"start":{"line":495,"column":23},"end":{"line":495,"column":24}},"227":{"start":{"line":495,"column":32},"end":{"line":495,"column":56}},"228":{"start":{"line":496,"column":12},"end":{"line":496,"column":41}},"229":{"start":{"line":497,"column":12},"end":{"line":497,"column":41}},"230":{"start":{"line":498,"column":12},"end":{"line":498,"column":32}},"231":{"start":{"line":499,"column":12},"end":{"line":499,"column":37}},"232":{"start":{"line":500,"column":12},"end":{"line":500,"column":51}},"233":{"start":{"line":501,"column":12},"end":{"line":501,"column":43}},"234":{"start":{"line":502,"column":12},"end":{"line":502,"column":30}},"235":{"start":{"line":503,"column":12},"end":{"line":503,"column":51}},"236":{"start":{"line":504,"column":12},"end":{"line":505,"column":44}},"237":{"start":{"line":505,"column":14},"end":{"line":505,"column":44}},"238":{"start":{"line":507,"column":12},"end":{"line":507,"column":34}},"239":{"start":{"line":510,"column":10},"end":{"line":529,"column":13}},"240":{"start":{"line":511,"column":12},"end":{"line":515,"column":13}},"241":{"start":{"line":513,"column":14},"end":{"line":513,"column":102}},"242":{"start":{"line":514,"column":14},"end":{"line":514,"column":35}},"243":{"start":{"line":517,"column":12},"end":{"line":522,"column":13}},"244":{"start":{"line":519,"column":14},"end":{"line":519,"column":71}},"245":{"start":{"line":521,"column":14},"end":{"line":521,"column":74}},"246":{"start":{"line":525,"column":12},"end":{"line":525,"column":78}},"247":{"start":{"line":526,"column":12},"end":{"line":526,"column":42}},"248":{"start":{"line":528,"column":12},"end":{"line":528,"column":40}},"249":{"start":{"line":544,"column":4},"end":{"line":547,"column":5}},"250":{"start":{"line":545,"column":6},"end":{"line":545,"column":23}},"251":{"start":{"line":546,"column":6},"end":{"line":546,"column":19}},"252":{"start":{"line":549,"column":4},"end":{"line":551,"column":5}},"253":{"start":{"line":550,"column":6},"end":{"line":550,"column":37}},"254":{"start":{"line":553,"column":4},"end":{"line":553,"column":54}},"255":{"start":{"line":563,"column":4},"end":{"line":566,"column":5}},"256":{"start":{"line":564,"column":6},"end":{"line":564,"column":23}},"257":{"start":{"line":565,"column":6},"end":{"line":565,"column":19}},"258":{"start":{"line":568,"column":4},"end":{"line":570,"column":5}},"259":{"start":{"line":569,"column":6},"end":{"line":569,"column":37}},"260":{"start":{"line":572,"column":4},"end":{"line":572,"column":45}},"261":{"start":{"line":582,"column":4},"end":{"line":585,"column":5}},"262":{"start":{"line":583,"column":6},"end":{"line":583,"column":23}},"263":{"start":{"line":584,"column":6},"end":{"line":584,"column":19}},"264":{"start":{"line":587,"column":4},"end":{"line":589,"column":5}},"265":{"start":{"line":588,"column":6},"end":{"line":588,"column":37}},"266":{"start":{"line":591,"column":15},"end":{"line":591,"column":19}},"267":{"start":{"line":593,"column":4},"end":{"line":597,"column":7}},"268":{"start":{"line":594,"column":6},"end":{"line":594,"column":36}},"269":{"start":{"line":594,"column":15},"end":{"line":594,"column":36}},"270":{"start":{"line":596,"column":6},"end":{"line":596,"column":69}},"271":{"start":{"line":606,"column":4},"end":{"line":608,"column":5}},"272":{"start":{"line":607,"column":6},"end":{"line":607,"column":27}},"273":{"start":{"line":609,"column":4},"end":{"line":609,"column":55}},"274":{"start":{"line":617,"column":4},"end":{"line":617,"column":34}},"275":{"start":{"line":622,"column":0},"end":{"line":622,"column":28}}},"fnMap":{"0":{"name":"Eventstore","decl":{"start":{"line":17,"column":9},"end":{"line":17,"column":19}},"loc":{"start":{"line":17,"column":36},"end":{"line":24,"column":1}},"line":17},"1":{"name":"(anonymous_1)","decl":{"start":{"line":35,"column":21},"end":{"line":35,"column":22}},"loc":{"start":{"line":35,"column":35},"end":{"line":46,"column":3}},"line":35},"2":{"name":"(anonymous_2)","decl":{"start":{"line":37,"column":22},"end":{"line":37,"column":23}},"loc":{"start":{"line":37,"column":52},"end":{"line":40,"column":7}},"line":37},"3":{"name":"(anonymous_3)","decl":{"start":{"line":60,"column":23},"end":{"line":60,"column":24}},"loc":{"start":{"line":60,"column":43},"end":{"line":70,"column":3}},"line":60},"4":{"name":"(anonymous_4)","decl":{"start":{"line":77,"column":8},"end":{"line":77,"column":9}},"loc":{"start":{"line":77,"column":28},"end":{"line":111,"column":3}},"line":77},"5":{"name":"initDispatcher","decl":{"start":{"line":80,"column":13},"end":{"line":80,"column":27}},"loc":{"start":{"line":80,"column":30},"end":{"line":84,"column":5}},"line":80},"6":{"name":"(anonymous_6)","decl":{"start":{"line":86,"column":29},"end":{"line":86,"column":30}},"loc":{"start":{"line":86,"column":41},"end":{"line":88,"column":5}},"line":86},"7":{"name":"(anonymous_7)","decl":{"start":{"line":90,"column":32},"end":{"line":90,"column":33}},"loc":{"start":{"line":90,"column":44},"end":{"line":92,"column":5}},"line":90},"8":{"name":"(anonymous_8)","decl":{"start":{"line":94,"column":21},"end":{"line":94,"column":22}},"loc":{"start":{"line":94,"column":32},"end":{"line":110,"column":5}},"line":94},"9":{"name":"(anonymous_9)","decl":{"start":{"line":95,"column":15},"end":{"line":95,"column":16}},"loc":{"start":{"line":95,"column":34},"end":{"line":97,"column":7}},"line":95},"10":{"name":"(anonymous_10)","decl":{"start":{"line":97,"column":36},"end":{"line":97,"column":37}},"loc":{"start":{"line":97,"column":51},"end":{"line":109,"column":7}},"line":97},"11":{"name":"(anonymous_11)","decl":{"start":{"line":123,"column":16},"end":{"line":123,"column":17}},"loc":{"start":{"line":123,"column":46},"end":{"line":139,"column":3}},"line":123},"12":{"name":"(anonymous_12)","decl":{"start":{"line":148,"column":21},"end":{"line":148,"column":22}},"loc":{"start":{"line":148,"column":57},"end":{"line":163,"column":3}},"line":148},"13":{"name":"(anonymous_13)","decl":{"start":{"line":173,"column":26},"end":{"line":173,"column":27}},"loc":{"start":{"line":173,"column":59},"end":{"line":186,"column":3}},"line":173},"14":{"name":"(anonymous_14)","decl":{"start":{"line":196,"column":13},"end":{"line":196,"column":14}},"loc":{"start":{"line":196,"column":53},"end":{"line":245,"column":3}},"line":196},"15":{"name":"nextFn","decl":{"start":{"line":226,"column":13},"end":{"line":226,"column":19}},"loc":{"start":{"line":226,"column":30},"end":{"line":234,"column":5}},"line":226},"16":{"name":"(anonymous_16)","decl":{"start":{"line":230,"column":32},"end":{"line":230,"column":33}},"loc":{"start":{"line":230,"column":44},"end":{"line":230,"column":71}},"line":230},"17":{"name":"_getEvents","decl":{"start":{"line":236,"column":13},"end":{"line":236,"column":23}},"loc":{"start":{"line":236,"column":54},"end":{"line":242,"column":5}},"line":236},"18":{"name":"(anonymous_18)","decl":{"start":{"line":237,"column":47},"end":{"line":237,"column":48}},"loc":{"start":{"line":237,"column":68},"end":{"line":241,"column":7}},"line":237},"19":{"name":"(anonymous_19)","decl":{"start":{"line":255,"column":18},"end":{"line":255,"column":19}},"loc":{"start":{"line":255,"column":64},"end":{"line":294,"column":3}},"line":255},"20":{"name":"nextFn","decl":{"start":{"line":273,"column":13},"end":{"line":273,"column":19}},"loc":{"start":{"line":273,"column":30},"end":{"line":281,"column":5}},"line":273},"21":{"name":"(anonymous_21)","decl":{"start":{"line":277,"column":32},"end":{"line":277,"column":33}},"loc":{"start":{"line":277,"column":44},"end":{"line":277,"column":71}},"line":277},"22":{"name":"_getEventsSince","decl":{"start":{"line":285,"column":13},"end":{"line":285,"column":28}},"loc":{"start":{"line":285,"column":65},"end":{"line":291,"column":5}},"line":285},"23":{"name":"(anonymous_23)","decl":{"start":{"line":286,"column":58},"end":{"line":286,"column":59}},"loc":{"start":{"line":286,"column":79},"end":{"line":290,"column":7}},"line":286},"24":{"name":"(anonymous_24)","decl":{"start":{"line":304,"column":23},"end":{"line":304,"column":24}},"loc":{"start":{"line":304,"column":66},"end":{"line":326,"column":3}},"line":304},"25":{"name":"(anonymous_25)","decl":{"start":{"line":336,"column":18},"end":{"line":336,"column":19}},"loc":{"start":{"line":336,"column":61},"end":{"line":365,"column":3}},"line":336},"26":{"name":"(anonymous_26)","decl":{"start":{"line":359,"column":52},"end":{"line":359,"column":53}},"loc":{"start":{"line":359,"column":72},"end":{"line":364,"column":5}},"line":359},"27":{"name":"(anonymous_27)","decl":{"start":{"line":374,"column":19},"end":{"line":374,"column":20}},"loc":{"start":{"line":374,"column":54},"end":{"line":421,"column":3}},"line":374},"28":{"name":"getSnapshot","decl":{"start":{"line":395,"column":15},"end":{"line":395,"column":26}},"loc":{"start":{"line":395,"column":37},"end":{"line":397,"column":7}},"line":395},"29":{"name":"getEventStream","decl":{"start":{"line":399,"column":15},"end":{"line":399,"column":29}},"loc":{"start":{"line":399,"column":46},"end":{"line":417,"column":7}},"line":399},"30":{"name":"(anonymous_30)","decl":{"start":{"line":406,"column":48},"end":{"line":406,"column":49}},"loc":{"start":{"line":406,"column":70},"end":{"line":416,"column":9}},"line":406},"31":{"name":"(anonymous_31)","decl":{"start":{"line":428,"column":18},"end":{"line":428,"column":19}},"loc":{"start":{"line":428,"column":42},"end":{"line":466,"column":3}},"line":428},"32":{"name":"getNewIdFromStorage","decl":{"start":{"line":445,"column":17},"end":{"line":445,"column":36}},"loc":{"start":{"line":445,"column":47},"end":{"line":447,"column":9}},"line":445},"33":{"name":"commit","decl":{"start":{"line":448,"column":17},"end":{"line":448,"column":23}},"loc":{"start":{"line":448,"column":38},"end":{"line":463,"column":9}},"line":448},"34":{"name":"(anonymous_34)","decl":{"start":{"line":456,"column":39},"end":{"line":456,"column":40}},"loc":{"start":{"line":456,"column":55},"end":{"line":462,"column":11}},"line":456},"35":{"name":"(anonymous_35)","decl":{"start":{"line":474,"column":10},"end":{"line":474,"column":11}},"loc":{"start":{"line":474,"column":42},"end":{"line":535,"column":3}},"line":474},"36":{"name":"getNewCommitId","decl":{"start":{"line":480,"column":15},"end":{"line":480,"column":29}},"loc":{"start":{"line":480,"column":40},"end":{"line":482,"column":7}},"line":480},"37":{"name":"commitEvents","decl":{"start":{"line":484,"column":15},"end":{"line":484,"column":27}},"loc":{"start":{"line":484,"column":42},"end":{"line":531,"column":7}},"line":484},"38":{"name":"(anonymous_38)","decl":{"start":{"line":491,"column":62},"end":{"line":491,"column":63}},"loc":{"start":{"line":491,"column":87},"end":{"line":530,"column":9}},"line":491},"39":{"name":"(anonymous_39)","decl":{"start":{"line":510,"column":50},"end":{"line":510,"column":51}},"loc":{"start":{"line":510,"column":64},"end":{"line":529,"column":11}},"line":510},"40":{"name":"(anonymous_40)","decl":{"start":{"line":543,"column":25},"end":{"line":543,"column":26}},"loc":{"start":{"line":543,"column":52},"end":{"line":554,"column":3}},"line":543},"41":{"name":"(anonymous_41)","decl":{"start":{"line":562,"column":16},"end":{"line":562,"column":17}},"loc":{"start":{"line":562,"column":43},"end":{"line":573,"column":3}},"line":562},"42":{"name":"(anonymous_42)","decl":{"start":{"line":581,"column":24},"end":{"line":581,"column":25}},"loc":{"start":{"line":581,"column":51},"end":{"line":598,"column":3}},"line":581},"43":{"name":"(anonymous_43)","decl":{"start":{"line":593,"column":35},"end":{"line":593,"column":36}},"loc":{"start":{"line":593,"column":55},"end":{"line":597,"column":5}},"line":593},"44":{"name":"(anonymous_44)","decl":{"start":{"line":605,"column":24},"end":{"line":605,"column":25}},"loc":{"start":{"line":605,"column":53},"end":{"line":610,"column":3}},"line":605},"45":{"name":"(anonymous_45)","decl":{"start":{"line":616,"column":12},"end":{"line":616,"column":13}},"loc":{"start":{"line":616,"column":32},"end":{"line":618,"column":3}},"line":616}},"branchMap":{"0":{"loc":{"start":{"line":18,"column":17},"end":{"line":18,"column":30}},"type":"binary-expr","locations":[{"start":{"line":18,"column":17},"end":{"line":18,"column":24}},{"start":{"line":18,"column":28},"end":{"line":18,"column":30}}],"line":18},"1":{"loc":{"start":{"line":36,"column":4},"end":{"line":41,"column":5}},"type":"if","locations":[{"start":{"line":36,"column":4},"end":{"line":41,"column":5}},{"start":{"line":36,"column":4},"end":{"line":41,"column":5}}],"line":36},"2":{"loc":{"start":{"line":61,"column":4},"end":{"line":65,"column":5}},"type":"if","locations":[{"start":{"line":61,"column":4},"end":{"line":65,"column":5}},{"start":{"line":61,"column":4},"end":{"line":65,"column":5}}],"line":61},"3":{"loc":{"start":{"line":61,"column":8},"end":{"line":61,"column":42}},"type":"binary-expr","locations":[{"start":{"line":61,"column":8},"end":{"line":61,"column":17}},{"start":{"line":61,"column":21},"end":{"line":61,"column":42}}],"line":61},"4":{"loc":{"start":{"line":97,"column":9},"end":{"line":97,"column":34}},"type":"binary-expr","locations":[{"start":{"line":97,"column":9},"end":{"line":97,"column":29}},{"start":{"line":97,"column":33},"end":{"line":97,"column":34}}],"line":97},"5":{"loc":{"start":{"line":98,"column":8},"end":{"line":102,"column":9}},"type":"if","locations":[{"start":{"line":98,"column":8},"end":{"line":102,"column":9}},{"start":{"line":98,"column":8},"end":{"line":102,"column":9}}],"line":98},"6":{"loc":{"start":{"line":100,"column":10},"end":{"line":100,"column":38}},"type":"if","locations":[{"start":{"line":100,"column":10},"end":{"line":100,"column":38}},{"start":{"line":100,"column":10},"end":{"line":100,"column":38}}],"line":100},"7":{"loc":{"start":{"line":103,"column":8},"end":{"line":107,"column":9}},"type":"if","locations":[{"start":{"line":103,"column":8},"end":{"line":107,"column":9}},{"start":{"line":103,"column":8},"end":{"line":107,"column":9}}],"line":103},"8":{"loc":{"start":{"line":105,"column":10},"end":{"line":105,"column":39}},"type":"if","locations":[{"start":{"line":105,"column":10},"end":{"line":105,"column":39}},{"start":{"line":105,"column":10},"end":{"line":105,"column":39}}],"line":105},"9":{"loc":{"start":{"line":124,"column":4},"end":{"line":126,"column":5}},"type":"if","locations":[{"start":{"line":124,"column":4},"end":{"line":126,"column":5}},{"start":{"line":124,"column":4},"end":{"line":126,"column":5}}],"line":124},"10":{"loc":{"start":{"line":125,"column":59},"end":{"line":125,"column":90}},"type":"binary-expr","locations":[{"start":{"line":125,"column":59},"end":{"line":125,"column":76}},{"start":{"line":125,"column":80},"end":{"line":125,"column":90}}],"line":125},"11":{"loc":{"start":{"line":128,"column":4},"end":{"line":132,"column":5}},"type":"if","locations":[{"start":{"line":128,"column":4},"end":{"line":132,"column":5}},{"start":{"line":128,"column":4},"end":{"line":132,"column":5}}],"line":128},"12":{"loc":{"start":{"line":134,"column":4},"end":{"line":136,"column":5}},"type":"if","locations":[{"start":{"line":134,"column":4},"end":{"line":136,"column":5}},{"start":{"line":134,"column":4},"end":{"line":136,"column":5}}],"line":134},"13":{"loc":{"start":{"line":149,"column":4},"end":{"line":151,"column":5}},"type":"if","locations":[{"start":{"line":149,"column":4},"end":{"line":151,"column":5}},{"start":{"line":149,"column":4},"end":{"line":151,"column":5}}],"line":149},"14":{"loc":{"start":{"line":150,"column":59},"end":{"line":150,"column":90}},"type":"binary-expr","locations":[{"start":{"line":150,"column":59},"end":{"line":150,"column":76}},{"start":{"line":150,"column":80},"end":{"line":150,"column":90}}],"line":150},"15":{"loc":{"start":{"line":153,"column":4},"end":{"line":157,"column":5}},"type":"if","locations":[{"start":{"line":153,"column":4},"end":{"line":157,"column":5}},{"start":{"line":153,"column":4},"end":{"line":157,"column":5}}],"line":153},"16":{"loc":{"start":{"line":174,"column":4},"end":{"line":176,"column":5}},"type":"if","locations":[{"start":{"line":174,"column":4},"end":{"line":176,"column":5}},{"start":{"line":174,"column":4},"end":{"line":176,"column":5}}],"line":174},"17":{"loc":{"start":{"line":178,"column":4},"end":{"line":183,"column":5}},"type":"if","locations":[{"start":{"line":178,"column":4},"end":{"line":183,"column":5}},{"start":{"line":178,"column":4},"end":{"line":183,"column":5}}],"line":178},"18":{"loc":{"start":{"line":181,"column":6},"end":{"line":181,"column":34}},"type":"if","locations":[{"start":{"line":181,"column":6},"end":{"line":181,"column":34}},{"start":{"line":181,"column":6},"end":{"line":181,"column":34}}],"line":181},"19":{"loc":{"start":{"line":197,"column":4},"end":{"line":218,"column":5}},"type":"if","locations":[{"start":{"line":197,"column":4},"end":{"line":218,"column":5}},{"start":{"line":197,"column":4},"end":{"line":218,"column":5}}],"line":197},"20":{"loc":{"start":{"line":202,"column":11},"end":{"line":218,"column":5}},"type":"if","locations":[{"start":{"line":202,"column":11},"end":{"line":218,"column":5}},{"start":{"line":202,"column":11},"end":{"line":218,"column":5}}],"line":202},"21":{"loc":{"start":{"line":206,"column":6},"end":{"line":209,"column":7}},"type":"if","locations":[{"start":{"line":206,"column":6},"end":{"line":209,"column":7}},{"start":{"line":206,"column":6},"end":{"line":209,"column":7}}],"line":206},"22":{"loc":{"start":{"line":210,"column":11},"end":{"line":218,"column":5}},"type":"if","locations":[{"start":{"line":210,"column":11},"end":{"line":218,"column":5}},{"start":{"line":210,"column":11},"end":{"line":218,"column":5}}],"line":210},"23":{"loc":{"start":{"line":213,"column":6},"end":{"line":217,"column":7}},"type":"if","locations":[{"start":{"line":213,"column":6},"end":{"line":217,"column":7}},{"start":{"line":213,"column":6},"end":{"line":217,"column":7}}],"line":213},"24":{"loc":{"start":{"line":220,"column":4},"end":{"line":222,"column":5}},"type":"if","locations":[{"start":{"line":220,"column":4},"end":{"line":222,"column":5}},{"start":{"line":220,"column":4},"end":{"line":222,"column":5}}],"line":220},"25":{"loc":{"start":{"line":227,"column":6},"end":{"line":231,"column":7}},"type":"if","locations":[{"start":{"line":227,"column":6},"end":{"line":231,"column":7}},{"start":{"line":227,"column":6},"end":{"line":231,"column":7}}],"line":227},"26":{"loc":{"start":{"line":238,"column":8},"end":{"line":238,"column":38}},"type":"if","locations":[{"start":{"line":238,"column":8},"end":{"line":238,"column":38}},{"start":{"line":238,"column":8},"end":{"line":238,"column":38}}],"line":238},"27":{"loc":{"start":{"line":256,"column":4},"end":{"line":260,"column":5}},"type":"if","locations":[{"start":{"line":256,"column":4},"end":{"line":260,"column":5}},{"start":{"line":256,"column":4},"end":{"line":260,"column":5}}],"line":256},"28":{"loc":{"start":{"line":262,"column":4},"end":{"line":269,"column":5}},"type":"if","locations":[{"start":{"line":262,"column":4},"end":{"line":269,"column":5}},{"start":{"line":262,"column":4},"end":{"line":269,"column":5}}],"line":262},"29":{"loc":{"start":{"line":266,"column":11},"end":{"line":269,"column":5}},"type":"if","locations":[{"start":{"line":266,"column":11},"end":{"line":269,"column":5}},{"start":{"line":266,"column":11},"end":{"line":269,"column":5}}],"line":266},"30":{"loc":{"start":{"line":274,"column":6},"end":{"line":278,"column":7}},"type":"if","locations":[{"start":{"line":274,"column":6},"end":{"line":278,"column":7}},{"start":{"line":274,"column":6},"end":{"line":278,"column":7}}],"line":274},"31":{"loc":{"start":{"line":287,"column":8},"end":{"line":287,"column":38}},"type":"if","locations":[{"start":{"line":287,"column":8},"end":{"line":287,"column":38}},{"start":{"line":287,"column":8},"end":{"line":287,"column":38}}],"line":287},"32":{"loc":{"start":{"line":305,"column":4},"end":{"line":312,"column":5}},"type":"if","locations":[{"start":{"line":305,"column":4},"end":{"line":312,"column":5}},{"start":{"line":305,"column":4},"end":{"line":312,"column":5}}],"line":305},"33":{"loc":{"start":{"line":309,"column":11},"end":{"line":312,"column":5}},"type":"if","locations":[{"start":{"line":309,"column":11},"end":{"line":312,"column":5}},{"start":{"line":309,"column":11},"end":{"line":312,"column":5}}],"line":309},"34":{"loc":{"start":{"line":314,"column":4},"end":{"line":316,"column":5}},"type":"if","locations":[{"start":{"line":314,"column":4},"end":{"line":316,"column":5}},{"start":{"line":314,"column":4},"end":{"line":316,"column":5}}],"line":314},"35":{"loc":{"start":{"line":318,"column":4},"end":{"line":323,"column":5}},"type":"if","locations":[{"start":{"line":318,"column":4},"end":{"line":323,"column":5}},{"start":{"line":318,"column":4},"end":{"line":323,"column":5}}],"line":318},"36":{"loc":{"start":{"line":321,"column":6},"end":{"line":321,"column":34}},"type":"if","locations":[{"start":{"line":321,"column":6},"end":{"line":321,"column":34}},{"start":{"line":321,"column":6},"end":{"line":321,"column":34}}],"line":321},"37":{"loc":{"start":{"line":337,"column":4},"end":{"line":344,"column":5}},"type":"if","locations":[{"start":{"line":337,"column":4},"end":{"line":344,"column":5}},{"start":{"line":337,"column":4},"end":{"line":344,"column":5}}],"line":337},"38":{"loc":{"start":{"line":341,"column":11},"end":{"line":344,"column":5}},"type":"if","locations":[{"start":{"line":341,"column":11},"end":{"line":344,"column":5}},{"start":{"line":341,"column":11},"end":{"line":344,"column":5}}],"line":341},"39":{"loc":{"start":{"line":346,"column":4},"end":{"line":348,"column":5}},"type":"if","locations":[{"start":{"line":346,"column":4},"end":{"line":348,"column":5}},{"start":{"line":346,"column":4},"end":{"line":348,"column":5}}],"line":346},"40":{"loc":{"start":{"line":350,"column":4},"end":{"line":355,"column":5}},"type":"if","locations":[{"start":{"line":350,"column":4},"end":{"line":355,"column":5}},{"start":{"line":350,"column":4},"end":{"line":355,"column":5}}],"line":350},"41":{"loc":{"start":{"line":353,"column":6},"end":{"line":353,"column":34}},"type":"if","locations":[{"start":{"line":353,"column":6},"end":{"line":353,"column":34}},{"start":{"line":353,"column":6},"end":{"line":353,"column":34}}],"line":353},"42":{"loc":{"start":{"line":360,"column":6},"end":{"line":362,"column":7}},"type":"if","locations":[{"start":{"line":360,"column":6},"end":{"line":362,"column":7}},{"start":{"line":360,"column":6},"end":{"line":362,"column":7}}],"line":360},"43":{"loc":{"start":{"line":375,"column":4},"end":{"line":378,"column":5}},"type":"if","locations":[{"start":{"line":375,"column":4},"end":{"line":378,"column":5}},{"start":{"line":375,"column":4},"end":{"line":378,"column":5}}],"line":375},"44":{"loc":{"start":{"line":380,"column":4},"end":{"line":382,"column":5}},"type":"if","locations":[{"start":{"line":380,"column":4},"end":{"line":382,"column":5}},{"start":{"line":380,"column":4},"end":{"line":382,"column":5}}],"line":380},"45":{"loc":{"start":{"line":384,"column":4},"end":{"line":389,"column":5}},"type":"if","locations":[{"start":{"line":384,"column":4},"end":{"line":389,"column":5}},{"start":{"line":384,"column":4},"end":{"line":389,"column":5}}],"line":384},"46":{"loc":{"start":{"line":387,"column":6},"end":{"line":387,"column":34}},"type":"if","locations":[{"start":{"line":387,"column":6},"end":{"line":387,"column":34}},{"start":{"line":387,"column":6},"end":{"line":387,"column":34}}],"line":387},"47":{"loc":{"start":{"line":402,"column":8},"end":{"line":404,"column":9}},"type":"if","locations":[{"start":{"line":402,"column":8},"end":{"line":404,"column":9}},{"start":{"line":402,"column":8},"end":{"line":404,"column":9}}],"line":402},"48":{"loc":{"start":{"line":402,"column":12},"end":{"line":402,"column":75}},"type":"binary-expr","locations":[{"start":{"line":402,"column":12},"end":{"line":402,"column":16}},{"start":{"line":402,"column":21},"end":{"line":402,"column":48}},{"start":{"line":402,"column":52},"end":{"line":402,"column":74}}],"line":402},"49":{"loc":{"start":{"line":407,"column":10},"end":{"line":409,"column":11}},"type":"if","locations":[{"start":{"line":407,"column":10},"end":{"line":409,"column":11}},{"start":{"line":407,"column":10},"end":{"line":409,"column":11}}],"line":407},"50":{"loc":{"start":{"line":411,"column":10},"end":{"line":413,"column":11}},"type":"if","locations":[{"start":{"line":411,"column":10},"end":{"line":413,"column":11}},{"start":{"line":411,"column":10},"end":{"line":413,"column":11}}],"line":411},"51":{"loc":{"start":{"line":411,"column":14},"end":{"line":411,"column":50}},"type":"binary-expr","locations":[{"start":{"line":411,"column":14},"end":{"line":411,"column":21}},{"start":{"line":411,"column":25},"end":{"line":411,"column":50}}],"line":411},"52":{"loc":{"start":{"line":429,"column":4},"end":{"line":431,"column":5}},"type":"if","locations":[{"start":{"line":429,"column":4},"end":{"line":431,"column":5}},{"start":{"line":429,"column":4},"end":{"line":431,"column":5}}],"line":429},"53":{"loc":{"start":{"line":429,"column":8},"end":{"line":429,"column":40}},"type":"binary-expr","locations":[{"start":{"line":429,"column":8},"end":{"line":429,"column":20}},{"start":{"line":429,"column":24},"end":{"line":429,"column":40}}],"line":429},"54":{"loc":{"start":{"line":433,"column":4},"end":{"line":438,"column":5}},"type":"if","locations":[{"start":{"line":433,"column":4},"end":{"line":438,"column":5}},{"start":{"line":433,"column":4},"end":{"line":438,"column":5}}],"line":433},"55":{"loc":{"start":{"line":436,"column":6},"end":{"line":436,"column":34}},"type":"if","locations":[{"start":{"line":436,"column":6},"end":{"line":436,"column":34}},{"start":{"line":436,"column":6},"end":{"line":436,"column":34}}],"line":436},"56":{"loc":{"start":{"line":457,"column":12},"end":{"line":461,"column":13}},"type":"if","locations":[{"start":{"line":457,"column":12},"end":{"line":461,"column":13}},{"start":{"line":457,"column":12},"end":{"line":461,"column":13}}],"line":457},"57":{"loc":{"start":{"line":492,"column":10},"end":{"line":493,"column":32}},"type":"if","locations":[{"start":{"line":492,"column":10},"end":{"line":493,"column":32}},{"start":{"line":492,"column":10},"end":{"line":493,"column":32}}],"line":492},"58":{"loc":{"start":{"line":504,"column":12},"end":{"line":505,"column":44}},"type":"if","locations":[{"start":{"line":504,"column":12},"end":{"line":505,"column":44}},{"start":{"line":504,"column":12},"end":{"line":505,"column":44}}],"line":504},"59":{"loc":{"start":{"line":511,"column":12},"end":{"line":515,"column":13}},"type":"if","locations":[{"start":{"line":511,"column":12},"end":{"line":515,"column":13}},{"start":{"line":511,"column":12},"end":{"line":515,"column":13}}],"line":511},"60":{"loc":{"start":{"line":517,"column":12},"end":{"line":522,"column":13}},"type":"if","locations":[{"start":{"line":517,"column":12},"end":{"line":522,"column":13}},{"start":{"line":517,"column":12},"end":{"line":522,"column":13}}],"line":517},"61":{"loc":{"start":{"line":517,"column":16},"end":{"line":517,"column":49}},"type":"binary-expr","locations":[{"start":{"line":517,"column":16},"end":{"line":517,"column":30}},{"start":{"line":517,"column":34},"end":{"line":517,"column":49}}],"line":517},"62":{"loc":{"start":{"line":544,"column":4},"end":{"line":547,"column":5}},"type":"if","locations":[{"start":{"line":544,"column":4},"end":{"line":547,"column":5}},{"start":{"line":544,"column":4},"end":{"line":547,"column":5}}],"line":544},"63":{"loc":{"start":{"line":549,"column":4},"end":{"line":551,"column":5}},"type":"if","locations":[{"start":{"line":549,"column":4},"end":{"line":551,"column":5}},{"start":{"line":549,"column":4},"end":{"line":551,"column":5}}],"line":549},"64":{"loc":{"start":{"line":563,"column":4},"end":{"line":566,"column":5}},"type":"if","locations":[{"start":{"line":563,"column":4},"end":{"line":566,"column":5}},{"start":{"line":563,"column":4},"end":{"line":566,"column":5}}],"line":563},"65":{"loc":{"start":{"line":568,"column":4},"end":{"line":570,"column":5}},"type":"if","locations":[{"start":{"line":568,"column":4},"end":{"line":570,"column":5}},{"start":{"line":568,"column":4},"end":{"line":570,"column":5}}],"line":568},"66":{"loc":{"start":{"line":582,"column":4},"end":{"line":585,"column":5}},"type":"if","locations":[{"start":{"line":582,"column":4},"end":{"line":585,"column":5}},{"start":{"line":582,"column":4},"end":{"line":585,"column":5}}],"line":582},"67":{"loc":{"start":{"line":587,"column":4},"end":{"line":589,"column":5}},"type":"if","locations":[{"start":{"line":587,"column":4},"end":{"line":589,"column":5}},{"start":{"line":587,"column":4},"end":{"line":589,"column":5}}],"line":587},"68":{"loc":{"start":{"line":594,"column":6},"end":{"line":594,"column":36}},"type":"if","locations":[{"start":{"line":594,"column":6},"end":{"line":594,"column":36}},{"start":{"line":594,"column":6},"end":{"line":594,"column":36}}],"line":594},"69":{"loc":{"start":{"line":596,"column":50},"end":{"line":596,"column":66}},"type":"cond-expr","locations":[{"start":{"line":596,"column":56},"end":{"line":596,"column":61}},{"start":{"line":596,"column":64},"end":{"line":596,"column":66}}],"line":596},"70":{"loc":{"start":{"line":606,"column":4},"end":{"line":608,"column":5}},"type":"if","locations":[{"start":{"line":606,"column":4},"end":{"line":608,"column":5}},{"start":{"line":606,"column":4},"end":{"line":608,"column":5}}],"line":606}},"s":{"0":1,"1":1,"2":1,"3":1,"4":1,"5":1,"6":1,"7":1,"8":1,"9":6,"10":6,"11":6,"12":6,"13":1,"14":1,"15":0,"16":0,"17":0,"18":0,"19":0,"20":0,"21":0,"22":0,"23":0,"24":0,"25":0,"26":0,"27":0,"28":0,"29":0,"30":0,"31":0,"32":0,"33":0,"34":0,"35":0,"36":0,"37":0,"38":0,"39":0,"40":0,"41":0,"42":0,"43":0,"44":0,"45":0,"46":0,"47":0,"48":0,"49":0,"50":0,"51":0,"52":0,"53":0,"54":0,"55":0,"56":0,"57":0,"58":0,"59":0,"60":0,"61":0,"62":0,"63":0,"64":0,"65":0,"66":0,"67":0,"68":0,"69":0,"70":0,"71":0,"72":0,"73":0,"74":0,"75":0,"76":0,"77":0,"78":0,"79":0,"80":0,"81":0,"82":0,"83":0,"84":0,"85":0,"86":0,"87":0,"88":0,"89":0,"90":0,"91":0,"92":0,"93":0,"94":0,"95":0,"96":0,"97":0,"98":0,"99":0,"100":0,"101":0,"102":0,"103":0,"104":0,"105":0,"106":0,"107":0,"108":0,"109":0,"110":0,"111":0,"112":0,"113":0,"114":0,"115":0,"116":0,"117":0,"118":0,"119":0,"120":0,"121":0,"122":0,"123":0,"124":0,"125":0,"126":0,"127":0,"128":0,"129":0,"130":0,"131":0,"132":0,"133":0,"134":0,"135":0,"136":0,"137":0,"138":0,"139":0,"140":0,"141":0,"142":0,"143":0,"144":0,"145":0,"146":0,"147":0,"148":0,"149":0,"150":0,"151":0,"152":0,"153":0,"154":0,"155":0,"156":0,"157":0,"158":0,"159":0,"160":0,"161":0,"162":0,"163":0,"164":0,"165":0,"166":0,"167":0,"168":0,"169":0,"170":0,"171":0,"172":0,"173":0,"174":0,"175":0,"176":0,"177":0,"178":0,"179":0,"180":0,"181":0,"182":0,"183":0,"184":0,"185":0,"186":0,"187":0,"188":0,"189":0,"190":0,"191":0,"192":0,"193":0,"194":0,"195":0,"196":0,"197":0,"198":0,"199":0,"200":0,"201":0,"202":0,"203":0,"204":0,"205":0,"206":0,"207":0,"208":0,"209":0,"210":0,"211":0,"212":0,"213":0,"214":0,"215":0,"216":0,"217":0,"218":0,"219":0,"220":0,"221":0,"222":0,"223":0,"224":0,"225":0,"226":0,"227":0,"228":0,"229":0,"230":0,"231":0,"232":0,"233":0,"234":0,"235":0,"236":0,"237":0,"238":0,"239":0,"240":0,"241":0,"242":0,"243":0,"244":0,"245":0,"246":0,"247":0,"248":0,"249":0,"250":0,"251":0,"252":0,"253":0,"254":0,"255":0,"256":0,"257":0,"258":0,"259":0,"260":0,"261":0,"262":0,"263":0,"264":0,"265":0,"266":0,"267":0,"268":0,"269":0,"270":0,"271":0,"272":0,"273":0,"274":0,"275":1},"f":{"0":6,"1":0,"2":0,"3":0,"4":0,"5":0,"6":0,"7":0,"8":0,"9":0,"10":0,"11":0,"12":0,"13":0,"14":0,"15":0,"16":0,"17":0,"18":0,"19":0,"20":0,"21":0,"22":0,"23":0,"24":0,"25":0,"26":0,"27":0,"28":0,"29":0,"30":0,"31":0,"32":0,"33":0,"34":0,"35":0,"36":0,"37":0,"38":0,"39":0,"40":0,"41":0,"42":0,"43":0,"44":0,"45":0},"b":{"0":[6,6],"1":[0,0],"2":[0,0],"3":[0,0],"4":[0,0],"5":[0,0],"6":[0,0],"7":[0,0],"8":[0,0],"9":[0,0],"10":[0,0],"11":[0,0],"12":[0,0],"13":[0,0],"14":[0,0],"15":[0,0],"16":[0,0],"17":[0,0],"18":[0,0],"19":[0,0],"20":[0,0],"21":[0,0],"22":[0,0],"23":[0,0],"24":[0,0],"25":[0,0],"26":[0,0],"27":[0,0],"28":[0,0],"29":[0,0],"30":[0,0],"31":[0,0],"32":[0,0],"33":[0,0],"34":[0,0],"35":[0,0],"36":[0,0],"37":[0,0],"38":[0,0],"39":[0,0],"40":[0,0],"41":[0,0],"42":[0,0],"43":[0,0],"44":[0,0],"45":[0,0],"46":[0,0],"47":[0,0],"48":[0,0,0],"49":[0,0],"50":[0,0],"51":[0,0],"52":[0,0],"53":[0,0],"54":[0,0],"55":[0,0],"56":[0,0],"57":[0,0],"58":[0,0],"59":[0,0],"60":[0,0],"61":[0,0],"62":[0,0],"63":[0,0],"64":[0,0],"65":[0,0],"66":[0,0],"67":[0,0],"68":[0,0],"69":[0,0],"70":[0,0]},"_coverageSchema":"1a1c01bbd47fc00a2c39e90264f33305004495a9","hash":"7d7aa19c3be04a5e7e875b81d069b9aabc0dc9f1","contentHash":"4d2bcc1045ad393e83b7aa84ec4cdf6b3b1394a7f780fb2a3953c877e0b38bd7"},"/Users/markrobertaldecimo/Documents/Saperium/node-eventstore/lib/eventDispatcher.js":{"path":"/Users/markrobertaldecimo/Documents/Saperium/node-eventstore/lib/eventDispatcher.js","statementMap":{"0":{"start":{"line":1,"column":12},"end":{"line":1,"column":58}},"1":{"start":{"line":11,"column":2},"end":{"line":11,"column":29}},"2":{"start":{"line":12,"column":2},"end":{"line":12,"column":21}},"3":{"start":{"line":13,"column":2},"end":{"line":13,"column":36}},"4":{"start":{"line":20,"column":14},"end":{"line":20,"column":54}},"5":{"start":{"line":24,"column":2},"end":{"line":24,"column":35}},"6":{"start":{"line":24,"column":28},"end":{"line":24,"column":35}},"7":{"start":{"line":26,"column":2},"end":{"line":26,"column":30}},"8":{"start":{"line":28,"column":2},"end":{"line":60,"column":7}},"9":{"start":{"line":35,"column":6},"end":{"line":35,"column":32}},"10":{"start":{"line":36,"column":6},"end":{"line":49,"column":9}},"11":{"start":{"line":37,"column":8},"end":{"line":39,"column":9}},"12":{"start":{"line":38,"column":10},"end":{"line":38,"column":28}},"13":{"start":{"line":41,"column":8},"end":{"line":41,"column":44}},"14":{"start":{"line":42,"column":8},"end":{"line":48,"column":11}},"15":{"start":{"line":43,"column":10},"end":{"line":47,"column":11}},"16":{"start":{"line":44,"column":12},"end":{"line":44,"column":23}},"17":{"start":{"line":46,"column":12},"end":{"line":46,"column":45}},"18":{"start":{"line":51,"column":6},"end":{"line":51,"column":12}},"19":{"start":{"line":55,"column":4},"end":{"line":59,"column":5}},"20":{"start":{"line":56,"column":6},"end":{"line":56,"column":34}},"21":{"start":{"line":58,"column":6},"end":{"line":58,"column":15}},"22":{"start":{"line":62,"column":2},"end":{"line":62,"column":31}},"23":{"start":{"line":65,"column":0},"end":{"line":132,"column":2}},"24":{"start":{"line":72,"column":15},"end":{"line":72,"column":19}},"25":{"start":{"line":73,"column":4},"end":{"line":75,"column":7}},"26":{"start":{"line":74,"column":6},"end":{"line":74,"column":47}},"27":{"start":{"line":76,"column":4},"end":{"line":76,"column":18}},"28":{"start":{"line":85,"column":4},"end":{"line":90,"column":5}},"29":{"start":{"line":86,"column":22},"end":{"line":86,"column":47}},"30":{"start":{"line":87,"column":6},"end":{"line":87,"column":23}},"31":{"start":{"line":88,"column":6},"end":{"line":88,"column":51}},"32":{"start":{"line":88,"column":20},"end":{"line":88,"column":51}},"33":{"start":{"line":89,"column":6},"end":{"line":89,"column":13}},"34":{"start":{"line":92,"column":4},"end":{"line":98,"column":5}},"35":{"start":{"line":94,"column":24},"end":{"line":94,"column":45}},"36":{"start":{"line":95,"column":6},"end":{"line":95,"column":25}},"37":{"start":{"line":96,"column":6},"end":{"line":96,"column":52}},"38":{"start":{"line":96,"column":20},"end":{"line":96,"column":52}},"39":{"start":{"line":97,"column":6},"end":{"line":97,"column":13}},"40":{"start":{"line":100,"column":15},"end":{"line":100,"column":19}},"41":{"start":{"line":104,"column":4},"end":{"line":130,"column":7}},"42":{"start":{"line":106,"column":6},"end":{"line":110,"column":7}},"43":{"start":{"line":107,"column":8},"end":{"line":107,"column":19}},"44":{"start":{"line":108,"column":8},"end":{"line":108,"column":36}},"45":{"start":{"line":108,"column":22},"end":{"line":108,"column":36}},"46":{"start":{"line":109,"column":8},"end":{"line":109,"column":15}},"47":{"start":{"line":112,"column":22},"end":{"line":112,"column":27}},"48":{"start":{"line":113,"column":6},"end":{"line":123,"column":7}},"49":{"start":{"line":114,"column":8},"end":{"line":122,"column":9}},"50":{"start":{"line":114,"column":21},"end":{"line":114,"column":22}},"51":{"start":{"line":114,"column":30},"end":{"line":114,"column":43}},"52":{"start":{"line":115,"column":10},"end":{"line":115,"column":55}},"53":{"start":{"line":117,"column":10},"end":{"line":117,"column":28}},"54":{"start":{"line":118,"column":10},"end":{"line":121,"column":11}},"55":{"start":{"line":119,"column":12},"end":{"line":119,"column":29}},"56":{"start":{"line":120,"column":12},"end":{"line":120,"column":26}},"57":{"start":{"line":125,"column":6},"end":{"line":127,"column":7}},"58":{"start":{"line":126,"column":8},"end":{"line":126,"column":22}},"59":{"start":{"line":129,"column":6},"end":{"line":129,"column":35}},"60":{"start":{"line":129,"column":20},"end":{"line":129,"column":35}},"61":{"start":{"line":134,"column":0},"end":{"line":134,"column":33}}},"fnMap":{"0":{"name":"EventDispatcher","decl":{"start":{"line":10,"column":9},"end":{"line":10,"column":24}},"loc":{"start":{"line":10,"column":43},"end":{"line":14,"column":1}},"line":10},"1":{"name":"trigger","decl":{"start":{"line":19,"column":9},"end":{"line":19,"column":16}},"loc":{"start":{"line":19,"column":30},"end":{"line":63,"column":1}},"line":19},"2":{"name":"next","decl":{"start":{"line":28,"column":12},"end":{"line":28,"column":16}},"loc":{"start":{"line":28,"column":21},"end":{"line":60,"column":3}},"line":28},"3":{"name":"process","decl":{"start":{"line":32,"column":13},"end":{"line":32,"column":20}},"loc":{"start":{"line":32,"column":34},"end":{"line":52,"column":5}},"line":32},"4":{"name":"(anonymous_4)","decl":{"start":{"line":36,"column":42},"end":{"line":36,"column":43}},"loc":{"start":{"line":36,"column":56},"end":{"line":49,"column":7}},"line":36},"5":{"name":"(anonymous_5)","decl":{"start":{"line":42,"column":53},"end":{"line":42,"column":54}},"loc":{"start":{"line":42,"column":67},"end":{"line":48,"column":9}},"line":42},"6":{"name":"(anonymous_6)","decl":{"start":{"line":71,"column":25},"end":{"line":71,"column":26}},"loc":{"start":{"line":71,"column":42},"end":{"line":77,"column":3}},"line":71},"7":{"name":"(anonymous_7)","decl":{"start":{"line":73,"column":19},"end":{"line":73,"column":20}},"loc":{"start":{"line":73,"column":35},"end":{"line":75,"column":5}},"line":73},"8":{"name":"(anonymous_8)","decl":{"start":{"line":83,"column":9},"end":{"line":83,"column":10}},"loc":{"start":{"line":83,"column":28},"end":{"line":131,"column":3}},"line":83},"9":{"name":"(anonymous_9)","decl":{"start":{"line":104,"column":37},"end":{"line":104,"column":38}},"loc":{"start":{"line":104,"column":59},"end":{"line":130,"column":5}},"line":104}},"branchMap":{"0":{"loc":{"start":{"line":20,"column":14},"end":{"line":20,"column":54}},"type":"binary-expr","locations":[{"start":{"line":20,"column":14},"end":{"line":20,"column":48}},{"start":{"line":20,"column":52},"end":{"line":20,"column":54}}],"line":20},"1":{"loc":{"start":{"line":24,"column":2},"end":{"line":24,"column":35}},"type":"if","locations":[{"start":{"line":24,"column":2},"end":{"line":24,"column":35}},{"start":{"line":24,"column":2},"end":{"line":24,"column":35}}],"line":24},"2":{"loc":{"start":{"line":37,"column":8},"end":{"line":39,"column":9}},"type":"if","locations":[{"start":{"line":37,"column":8},"end":{"line":39,"column":9}},{"start":{"line":37,"column":8},"end":{"line":39,"column":9}}],"line":37},"3":{"loc":{"start":{"line":43,"column":10},"end":{"line":47,"column":11}},"type":"if","locations":[{"start":{"line":43,"column":10},"end":{"line":47,"column":11}},{"start":{"line":43,"column":10},"end":{"line":47,"column":11}}],"line":43},"4":{"loc":{"start":{"line":55,"column":4},"end":{"line":59,"column":5}},"type":"if","locations":[{"start":{"line":55,"column":4},"end":{"line":59,"column":5}},{"start":{"line":55,"column":4},"end":{"line":59,"column":5}}],"line":55},"5":{"loc":{"start":{"line":55,"column":8},"end":{"line":55,"column":26}},"type":"binary-expr","locations":[{"start":{"line":55,"column":8},"end":{"line":55,"column":10}},{"start":{"line":55,"column":14},"end":{"line":55,"column":26}}],"line":55},"6":{"loc":{"start":{"line":85,"column":4},"end":{"line":90,"column":5}},"type":"if","locations":[{"start":{"line":85,"column":4},"end":{"line":90,"column":5}},{"start":{"line":85,"column":4},"end":{"line":90,"column":5}}],"line":85},"7":{"loc":{"start":{"line":88,"column":6},"end":{"line":88,"column":51}},"type":"if","locations":[{"start":{"line":88,"column":6},"end":{"line":88,"column":51}},{"start":{"line":88,"column":6},"end":{"line":88,"column":51}}],"line":88},"8":{"loc":{"start":{"line":92,"column":4},"end":{"line":98,"column":5}},"type":"if","locations":[{"start":{"line":92,"column":4},"end":{"line":98,"column":5}},{"start":{"line":92,"column":4},"end":{"line":98,"column":5}}],"line":92},"9":{"loc":{"start":{"line":92,"column":8},"end":{"line":93,"column":76}},"type":"binary-expr","locations":[{"start":{"line":92,"column":8},"end":{"line":92,"column":19}},{"start":{"line":92,"column":23},"end":{"line":92,"column":77}},{"start":{"line":93,"column":23},"end":{"line":93,"column":76}}],"line":92},"10":{"loc":{"start":{"line":96,"column":6},"end":{"line":96,"column":52}},"type":"if","locations":[{"start":{"line":96,"column":6},"end":{"line":96,"column":52}},{"start":{"line":96,"column":6},"end":{"line":96,"column":52}}],"line":96},"11":{"loc":{"start":{"line":106,"column":6},"end":{"line":110,"column":7}},"type":"if","locations":[{"start":{"line":106,"column":6},"end":{"line":110,"column":7}},{"start":{"line":106,"column":6},"end":{"line":110,"column":7}}],"line":106},"12":{"loc":{"start":{"line":108,"column":8},"end":{"line":108,"column":36}},"type":"if","locations":[{"start":{"line":108,"column":8},"end":{"line":108,"column":36}},{"start":{"line":108,"column":8},"end":{"line":108,"column":36}}],"line":108},"13":{"loc":{"start":{"line":113,"column":6},"end":{"line":123,"column":7}},"type":"if","locations":[{"start":{"line":113,"column":6},"end":{"line":123,"column":7}},{"start":{"line":113,"column":6},"end":{"line":123,"column":7}}],"line":113},"14":{"loc":{"start":{"line":118,"column":10},"end":{"line":121,"column":11}},"type":"if","locations":[{"start":{"line":118,"column":10},"end":{"line":121,"column":11}},{"start":{"line":118,"column":10},"end":{"line":121,"column":11}}],"line":118},"15":{"loc":{"start":{"line":125,"column":6},"end":{"line":127,"column":7}},"type":"if","locations":[{"start":{"line":125,"column":6},"end":{"line":127,"column":7}},{"start":{"line":125,"column":6},"end":{"line":127,"column":7}}],"line":125},"16":{"loc":{"start":{"line":129,"column":6},"end":{"line":129,"column":35}},"type":"if","locations":[{"start":{"line":129,"column":6},"end":{"line":129,"column":35}},{"start":{"line":129,"column":6},"end":{"line":129,"column":35}}],"line":129}},"s":{"0":1,"1":0,"2":0,"3":0,"4":0,"5":0,"6":0,"7":0,"8":0,"9":0,"10":0,"11":0,"12":0,"13":0,"14":0,"15":0,"16":0,"17":0,"18":0,"19":0,"20":0,"21":0,"22":0,"23":1,"24":0,"25":0,"26":0,"27":0,"28":0,"29":0,"30":0,"31":0,"32":0,"33":0,"34":0,"35":0,"36":0,"37":0,"38":0,"39":0,"40":0,"41":0,"42":0,"43":0,"44":0,"45":0,"46":0,"47":0,"48":0,"49":0,"50":0,"51":0,"52":0,"53":0,"54":0,"55":0,"56":0,"57":0,"58":0,"59":0,"60":0,"61":1},"f":{"0":0,"1":0,"2":0,"3":0,"4":0,"5":0,"6":0,"7":0,"8":0,"9":0},"b":{"0":[0,0],"1":[0,0],"2":[0,0],"3":[0,0],"4":[0,0],"5":[0,0],"6":[0,0],"7":[0,0],"8":[0,0],"9":[0,0,0],"10":[0,0],"11":[0,0],"12":[0,0],"13":[0,0],"14":[0,0],"15":[0,0],"16":[0,0]},"_coverageSchema":"1a1c01bbd47fc00a2c39e90264f33305004495a9","hash":"47edafa4e619812ac2e8feffb62dbc4bd7d5a241","contentHash":"f26cfdb47fa61489ea3a22459a99ed43b30b051963a63a60b1ff47020cf536e0"},"/Users/markrobertaldecimo/Documents/Saperium/node-eventstore/lib/eventStream.js":{"path":"/Users/markrobertaldecimo/Documents/Saperium/node-eventstore/lib/eventStream.js","statementMap":{"0":{"start":{"line":1,"column":12},"end":{"line":1,"column":54}},"1":{"start":{"line":2,"column":6},"end":{"line":2,"column":23}},"2":{"start":{"line":3,"column":10},"end":{"line":3,"column":28}},"3":{"start":{"line":14,"column":2},"end":{"line":18,"column":3}},"4":{"start":{"line":15,"column":19},"end":{"line":15,"column":45}},"5":{"start":{"line":16,"column":4},"end":{"line":16,"column":20}},"6":{"start":{"line":17,"column":4},"end":{"line":17,"column":30}},"7":{"start":{"line":20,"column":2},"end":{"line":24,"column":3}},"8":{"start":{"line":21,"column":21},"end":{"line":21,"column":54}},"9":{"start":{"line":22,"column":4},"end":{"line":22,"column":22}},"10":{"start":{"line":23,"column":4},"end":{"line":23,"column":32}},"11":{"start":{"line":26,"column":2},"end":{"line":30,"column":3}},"12":{"start":{"line":27,"column":20},"end":{"line":27,"column":41}},"13":{"start":{"line":28,"column":4},"end":{"line":28,"column":21}},"14":{"start":{"line":29,"column":4},"end":{"line":29,"column":31}},"15":{"start":{"line":32,"column":2},"end":{"line":36,"column":3}},"16":{"start":{"line":33,"column":22},"end":{"line":33,"column":55}},"17":{"start":{"line":34,"column":4},"end":{"line":34,"column":23}},"18":{"start":{"line":35,"column":4},"end":{"line":35,"column":33}},"19":{"start":{"line":38,"column":2},"end":{"line":53,"column":3}},"20":{"start":{"line":39,"column":4},"end":{"line":43,"column":5}},"21":{"start":{"line":40,"column":26},"end":{"line":40,"column":54}},"22":{"start":{"line":41,"column":6},"end":{"line":41,"column":27}},"23":{"start":{"line":42,"column":6},"end":{"line":42,"column":37}},"24":{"start":{"line":45,"column":4},"end":{"line":52,"column":5}},"25":{"start":{"line":45,"column":17},"end":{"line":45,"column":18}},"26":{"start":{"line":45,"column":26},"end":{"line":45,"column":39}},"27":{"start":{"line":46,"column":16},"end":{"line":46,"column":25}},"28":{"start":{"line":47,"column":6},"end":{"line":51,"column":7}},"29":{"start":{"line":48,"column":24},"end":{"line":48,"column":77}},"30":{"start":{"line":49,"column":8},"end":{"line":49,"column":25}},"31":{"start":{"line":50,"column":8},"end":{"line":50,"column":35}},"32":{"start":{"line":55,"column":2},"end":{"line":55,"column":31}},"33":{"start":{"line":56,"column":2},"end":{"line":56,"column":36}},"34":{"start":{"line":57,"column":2},"end":{"line":57,"column":39}},"35":{"start":{"line":58,"column":2},"end":{"line":58,"column":35}},"36":{"start":{"line":59,"column":2},"end":{"line":59,"column":31}},"37":{"start":{"line":60,"column":2},"end":{"line":60,"column":29}},"38":{"start":{"line":61,"column":2},"end":{"line":61,"column":30}},"39":{"start":{"line":62,"column":2},"end":{"line":62,"column":25}},"40":{"start":{"line":64,"column":2},"end":{"line":64,"column":56}},"41":{"start":{"line":67,"column":2},"end":{"line":67,"column":25}},"42":{"start":{"line":70,"column":0},"end":{"line":117,"column":2}},"43":{"start":{"line":77,"column":4},"end":{"line":81,"column":5}},"44":{"start":{"line":77,"column":17},"end":{"line":77,"column":18}},"45":{"start":{"line":77,"column":26},"end":{"line":77,"column":44}},"46":{"start":{"line":78,"column":6},"end":{"line":80,"column":7}},"47":{"start":{"line":79,"column":8},"end":{"line":79,"column":58}},"48":{"start":{"line":83,"column":4},"end":{"line":83,"column":29}},"49":{"start":{"line":91,"column":4},"end":{"line":91,"column":58}},"50":{"start":{"line":99,"column":4},"end":{"line":103,"column":5}},"51":{"start":{"line":100,"column":26},"end":{"line":100,"column":54}},"52":{"start":{"line":101,"column":6},"end":{"line":101,"column":27}},"53":{"start":{"line":102,"column":6},"end":{"line":102,"column":37}},"54":{"start":{"line":104,"column":15},"end":{"line":104,"column":19}},"55":{"start":{"line":105,"column":4},"end":{"line":107,"column":7}},"56":{"start":{"line":106,"column":6},"end":{"line":106,"column":25}},"57":{"start":{"line":115,"column":4},"end":{"line":115,"column":43}},"58":{"start":{"line":119,"column":0},"end":{"line":119,"column":29}}},"fnMap":{"0":{"name":"EventStream","decl":{"start":{"line":13,"column":9},"end":{"line":13,"column":20}},"loc":{"start":{"line":13,"column":49},"end":{"line":68,"column":1}},"line":13},"1":{"name":"(anonymous_1)","decl":{"start":{"line":76,"column":19},"end":{"line":76,"column":20}},"loc":{"start":{"line":76,"column":30},"end":{"line":84,"column":3}},"line":76},"2":{"name":"(anonymous_2)","decl":{"start":{"line":90,"column":12},"end":{"line":90,"column":13}},"loc":{"start":{"line":90,"column":28},"end":{"line":92,"column":3}},"line":90},"3":{"name":"(anonymous_3)","decl":{"start":{"line":98,"column":13},"end":{"line":98,"column":14}},"loc":{"start":{"line":98,"column":30},"end":{"line":108,"column":3}},"line":98},"4":{"name":"(anonymous_4)","decl":{"start":{"line":105,"column":19},"end":{"line":105,"column":20}},"loc":{"start":{"line":105,"column":33},"end":{"line":107,"column":5}},"line":105},"5":{"name":"(anonymous_5)","decl":{"start":{"line":114,"column":10},"end":{"line":114,"column":11}},"loc":{"start":{"line":114,"column":29},"end":{"line":116,"column
[...]
":462,"column":38}}],"line":462},"71":{"loc":{"start":{"line":463,"column":16},"end":{"line":467,"column":17}},"type":"if","locations":[{"start":{"line":463,"column":16},"end":{"line":467,"column":17}},{"start":{"line":463,"column":16},"end":{"line":467,"column":17}}],"line":463},"72":{"loc":{"start":{"line":471,"column":12},"end":{"line":479,"column":13}},"type":"if","locations":[{"start":{"line":471,"column":12},"end":{"line":479,"column":13}},{"start":{"line":471,"column":12},"end":{"line":479,"column":13}}],"line":471},"73":{"loc":{"start":{"line":471,"column":16},"end":{"line":471,"column":42}},"type":"binary-expr","locations":[{"start":{"line":471,"column":16},"end":{"line":471,"column":21}},{"start":{"line":471,"column":25},"end":{"line":471,"column":42}}],"line":471},"74":{"loc":{"start":{"line":472,"column":16},"end":{"line":476,"column":17}},"type":"if","locations":[{"start":{"line":472,"column":16},"end":{"line":476,"column":17}},{"start":{"line":472,"column":16},"end":{"line":476,"column":17}}],"line":472},"75":{"loc":{"start":{"line":491,"column":12},"end":{"line":495,"column":13}},"type":"if","locations":[{"start":{"line":491,"column":12},"end":{"line":495,"column":13}},{"start":{"line":491,"column":12},"end":{"line":495,"column":13}}],"line":491},"76":{"loc":{"start":{"line":499,"column":12},"end":{"line":505,"column":13}},"type":"if","locations":[{"start":{"line":499,"column":12},"end":{"line":505,"column":13}},{"start":{"line":499,"column":12},"end":{"line":505,"column":13}}],"line":499},"77":{"loc":{"start":{"line":500,"column":16},"end":{"line":500,"column":50}},"type":"if","locations":[{"start":{"line":500,"column":16},"end":{"line":500,"column":50}},{"start":{"line":500,"column":16},"end":{"line":500,"column":50}}],"line":500},"78":{"loc":{"start":{"line":502,"column":16},"end":{"line":504,"column":17}},"type":"if","locations":[{"start":{"line":502,"column":16},"end":{"line":504,"column":17}},{"start":{"line":502,"column":16},"end":{"line":504,"column":17}}],"line":502},"79":{"loc":{"start":{"line":521,"column":12},"end":{"line":527,"column":13}},"type":"if","locations":[{"start":{"line":521,"column":12},"end":{"line":527,"column":13}},{"start":{"line":521,"column":12},"end":{"line":527,"column":13}}],"line":521},"80":{"loc":{"start":{"line":522,"column":16},"end":{"line":522,"column":50}},"type":"if","locations":[{"start":{"line":522,"column":16},"end":{"line":522,"column":50}},{"start":{"line":522,"column":16},"end":{"line":522,"column":50}}],"line":522},"81":{"loc":{"start":{"line":524,"column":16},"end":{"line":526,"column":17}},"type":"if","locations":[{"start":{"line":524,"column":16},"end":{"line":526,"column":17}},{"start":{"line":524,"column":16},"end":{"line":526,"column":17}}],"line":524},"82":{"loc":{"start":{"line":547,"column":12},"end":{"line":553,"column":13}},"type":"if","locations":[{"start":{"line":547,"column":12},"end":{"line":553,"column":13}},{"start":{"line":547,"column":12},"end":{"line":553,"column":13}}],"line":547},"83":{"loc":{"start":{"line":548,"column":16},"end":{"line":548,"column":50}},"type":"if","locations":[{"start":{"line":548,"column":16},"end":{"line":548,"column":50}},{"start":{"line":548,"column":16},"end":{"line":548,"column":50}}],"line":548},"84":{"loc":{"start":{"line":550,"column":16},"end":{"line":552,"column":17}},"type":"if","locations":[{"start":{"line":550,"column":16},"end":{"line":552,"column":17}},{"start":{"line":550,"column":16},"end":{"line":552,"column":17}}],"line":550},"85":{"loc":{"start":{"line":564,"column":41},"end":{"line":564,"column":64}},"type":"binary-expr","locations":[{"start":{"line":564,"column":41},"end":{"line":564,"column":56}},{"start":{"line":564,"column":60},"end":{"line":564,"column":64}}],"line":564},"86":{"loc":{"start":{"line":564,"column":66},"end":{"line":564,"column":87}},"type":"binary-expr","locations":[{"start":{"line":564,"column":66},"end":{"line":564,"column":79}},{"start":{"line":564,"column":83},"end":{"line":564,"column":87}}],"line":564},"87":{"loc":{"start":{"line":567,"column":12},"end":{"line":571,"column":13}},"type":"if","locations":[{"start":{"line":567,"column":12},"end":{"line":571,"column":13}},{"start":{"line":567,"column":12},"end":{"line":571,"column":13}}],"line":567},"88":{"loc":{"start":{"line":577,"column":12},"end":{"line":585,"column":13}},"type":"if","locations":[{"start":{"line":577,"column":12},"end":{"line":585,"column":13}},{"start":{"line":577,"column":12},"end":{"line":585,"column":13}}],"line":577},"89":{"loc":{"start":{"line":580,"column":16},"end":{"line":580,"column":50}},"type":"if","locations":[{"start":{"line":580,"column":16},"end":{"line":580,"column":50}},{"start":{"line":580,"column":16},"end":{"line":580,"column":50}}],"line":580},"90":{"loc":{"start":{"line":582,"column":16},"end":{"line":584,"column":17}},"type":"if","locations":[{"start":{"line":582,"column":16},"end":{"line":584,"column":17}},{"start":{"line":582,"column":16},"end":{"line":584,"column":17}}],"line":582},"91":{"loc":{"start":{"line":633,"column":8},"end":{"line":637,"column":9}},"type":"if","locations":[{"start":{"line":633,"column":8},"end":{"line":637,"column":9}},{"start":{"line":633,"column":8},"end":{"line":637,"column":9}}],"line":633},"92":{"loc":{"start":{"line":644,"column":20},"end":{"line":650,"column":21}},"type":"if","locations":[{"start":{"line":644,"column":20},"end":{"line":650,"column":21}},{"start":{"line":644,"column":20},"end":{"line":650,"column":21}}],"line":644},"93":{"loc":{"start":{"line":664,"column":20},"end":{"line":673,"column":21}},"type":"if","locations":[{"start":{"line":664,"column":20},"end":{"line":673,"column":21}},{"start":{"line":664,"column":20},"end":{"line":673,"column":21}}],"line":664},"94":{"loc":{"start":{"line":700,"column":20},"end":{"line":706,"column":21}},"type":"if","locations":[{"start":{"line":700,"column":20},"end":{"line":706,"column":21}},{"start":{"line":700,"column":20},"end":{"line":706,"column":21}}],"line":700},"95":{"loc":{"start":{"line":720,"column":20},"end":{"line":726,"column":21}},"type":"if","locations":[{"start":{"line":720,"column":20},"end":{"line":726,"column":21}},{"start":{"line":720,"column":20},"end":{"line":726,"column":21}}],"line":720},"96":{"loc":{"start":{"line":740,"column":20},"end":{"line":746,"column":21}},"type":"if","locations":[{"start":{"line":740,"column":20},"end":{"line":746,"column":21}},{"start":{"line":740,"column":20},"end":{"line":746,"column":21}}],"line":740},"97":{"loc":{"start":{"line":775,"column":16},"end":{"line":778,"column":17}},"type":"if","locations":[{"start":{"line":775,"column":16},"end":{"line":778,"column":17}},{"start":{"line":775,"column":16},"end":{"line":778,"column":17}}],"line":775}},"s":{"0":1,"1":1,"2":1,"3":1,"4":1,"5":150,"6":150,"7":150,"8":150,"9":150,"10":1,"11":1,"12":147,"13":147,"14":147,"15":147,"16":147,"17":147,"18":146,"19":146,"20":1,"21":1,"22":1,"23":146,"24":146,"25":146,"26":146,"27":1,"28":145,"29":145,"30":145,"31":145,"32":145,"33":145,"34":1,"35":144,"36":144,"37":144,"38":144,"39":1,"40":143,"41":143,"42":143,"43":143,"44":143,"45":143,"46":4,"47":4,"48":4,"49":4,"50":1,"51":1,"52":1,"53":1,"54":2,"55":2,"56":2,"57":2,"58":2,"59":1,"60":1,"61":2,"62":2,"63":2,"64":1,"65":1,"66":2,"67":2,"68":2,"69":1,"70":1,"71":2,"72":1,"73":1,"74":1,"75":1,"76":1,"77":26,"78":26,"79":24,"80":17,"81":1,"82":16,"83":26,"84":26,"85":19,"86":19,"87":7,"88":7,"89":19,"90":19,"91":17,"92":17,"93":17,"94":12,"95":12,"96":17,"97":13,"98":12,"99":1,"100":13,"101":13,"102":17,"103":14,"104":13,"105":1,"106":14,"107":14,"108":17,"109":17,"110":17,"111":17,"112":15,"113":15,"114":14,"115":2,"116":2,"117":3,"118":19,"119":19,"120":16,"121":16,"122":3,"123":3,"124":14,"125":14,"126":12,"127":12,"128":12,"129":10,"130":10,"131":9,"132":1,"133":1,"134":2,"135":14,"136":14,"137":12,"138":12,"139":2,"140":2,"141":22,"142":22,"143":20,"144":20,"145":20,"146":13,"147":13,"148":20,"149":14,"150":13,"151":1,"152":14,"153":14,"154":20,"155":15,"156":14,"157":1,"158":15,"159":15,"160":20,"161":11,"162":10,"163":1,"164":11,"165":11,"166":20,"167":2,"168":1,"169":1,"170":2,"171":2,"172":20,"173":20,"174":18,"175":18,"176":17,"177":2,"178":2,"179":3,"180":22,"181":22,"182":19,"183":19,"184":3,"185":3,"186":14,"187":14,"188":12,"189":12,"190":12,"191":7,"192":7,"193":12,"194":8,"195":7,"196":1,"197":8,"198":8,"199":12,"200":9,"201":8,"202":1,"203":9,"204":9,"205":12,"206":12,"207":10,"208":10,"209":10,"210":1,"211":1,"212":1,"213":14,"214":14,"215":13,"216":13,"217":1,"218":1,"219":16,"220":16,"221":14,"222":14,"223":14,"224":9,"225":9,"226":14,"227":10,"228":9,"229":1,"230":10,"231":10,"232":14,"233":11,"234":10,"235":1,"236":11,"237":11,"238":14,"239":14,"240":12,"241":12,"242":11,"243":11,"244":1,"245":2,"246":16,"247":16,"248":14,"249":14,"250":2,"251":2,"252":9,"253":9,"254":7,"255":9,"256":9,"257":4,"258":4,"259":5,"260":5,"261":8,"262":8,"263":6,"264":6,"265":6,"266":8,"267":8,"268":4,"269":4,"270":4,"271":4,"272":12,"273":12,"274":10,"275":8,"276":8,"277":7,"278":7,"279":1,"280":2,"281":12,"282":12,"283":10,"284":10,"285":10,"286":10,"287":2,"288":2,"289":3,"290":3,"291":3,"292":3,"293":3,"294":143,"295":143,"296":143,"297":18,"298":18,"299":125,"300":125,"301":93,"302":125,"303":125,"304":9,"305":9,"306":125,"307":93,"308":32,"309":143,"310":143,"311":143,"312":134,"313":9,"314":9,"315":9,"316":125,"317":9,"318":9,"319":9,"320":143,"321":143,"322":143,"323":127,"324":14,"325":14,"326":14,"327":113,"328":16,"329":16,"330":16,"331":125,"332":125,"333":125,"334":116,"335":9,"336":9,"337":9,"338":24,"339":24,"340":24,"341":22,"342":2,"343":2,"344":2,"345":20,"346":2,"347":2,"348":2,"349":13,"350":13,"351":13,"352":12,"353":5,"354":5,"355":5,"356":7,"357":1,"358":1,"359":1,"360":13,"361":13,"362":13,"363":11,"364":2,"365":2,"366":2,"367":9,"368":2,"369":2,"370":2,"371":24,"372":24,"373":20,"374":20,"375":20,"376":22,"377":22,"378":22,"379":22,"380":22,"381":22,"382":22,"383":20,"384":20,"385":22,"386":13,"387":13,"388":13,"389":4,"390":4,"391":13,"392":1},"f":{"0":150,"1":147,"2":147,"3":146,"4":146,"5":146,"6":145,"7":145,"8":145,"9":144,"10":144,"11":144,"12":143,"13":4,"14":1,"15":2,"16":2,"17":2,"18":2,"19":2,"20":2,"21":2,"22":1,"23":1,"24":26,"25":24,"26":17,"27":26,"28":19,"29":17,"30":14,"31":19,"32":14,"33":12,"34":9,"35":14,"36":22,"37":20,"38":17,"39":22,"40":14,"41":12,"42":10,"43":14,"44":16,"45":14,"46":16,"47":9,"48":7,"49":9,"50":8,"51":6,"52":8,"53":12,"54":10,"55":12,"56":3,"57":3,"58":143,"59":143,"60":143,"61":134,"62":143,"63":143,"64":127,"65":125,"66":125,"67":24,"68":24,"69":22,"70":13,"71":13,"72":12,"73":13,"74":13,"75":11,"76":24},"b":{"0":[150,0],"1":[150,0],"2":[1,145],"3":[1,144],"4":[1,143],"5":[143,0],"6":[4,0],"7":[1,0],"8":[1,1],"9":[1,1],"10":[1,1],"11":[1,16],"12":[17,17],"13":[19,7],"14":[19,0],"15":[7,0],"16":[12,5],"17":[17,15],"18":[13,4],"19":[17,15],"20":[12,1],"21":[14,3],"22":[17,15],"23":[13,1],"24":[13,4],"25":[17,5],"26":[13,4],"27":[17,5],"28":[16,3],"29":[16,0],"30":[3,0],"31":[12,2],"32":[10,2],"33":[12,5],"34":[10,2],"35":[12,5],"36":[12,2],"37":[12,0],"38":[2,0],"39":[13,7],"40":[20,17],"41":[14,6],"42":[20,17],"43":[13,1],"44":[15,5],"45":[20,17],"46":[14,1],"47":[11,9],"48":[20,12],"49":[10,1],"50":[2,18],"51":[20,20],"52":[1,1],"53":[19,3],"54":[19,0],"55":[3,0],"56":[7,5],"57":[12,10],"58":[8,4],"59":[12,10],"60":[7,1],"61":[9,3],"62":[12,10],"63":[8,1],"64":[13,1],"65":[13,0],"66":[1,0],"67":[9,5],"68":[14,12],"69":[10,4],"70":[14,12],"71":[9,1],"72":[11,3],"73":[14,12],"74":[10,1],"75":[11,1],"76":[14,2],"77":[14,0],"78":[2,0],"79":[4,5],"80":[4,0],"81":[5,0],"82":[4,4],"83":[4,0],"84":[4,0],"85":[10,1],"86":[10,1],"87":[7,1],"88":[10,2],"89":[10,0],"90":[2,0],"91":[93,32],"92":[9,125],"93":[14,113],"94":[2,20],"95":[5,7],"96":[2,9],"97":[20,2]},"_coverageSchema":"1a1c01bbd47fc00a2c39e90264f33305004495a9","hash":"819aee6c19351a64790234ad24fd8cb26cbd9560","contentHash":"36d77ed8c1853ee881e871c381e633496716e7a6ffc722623ca7de037645372f"},"/Users/markrobertaldecimo/Documents/Saperium/node-eventstore/lib/base.js":{"path":"/Users/markrobertaldecimo/Documents/Saperium/node-eventstore/lib/base.js","statementMap":{"0":{"start":{"line":1,"column":11},"end":{"line":1,"column":26}},"1":{"start":{"line":2,"column":17},"end":{"line":2,"column":47}},"2":{"start":{"line":3,"column":13},"end":{"line":3,"column":38}},"3":{"start":{"line":4,"column":6},"end":{"line":4,"column":23}},"4":{"start":{"line":5,"column":9},"end":{"line":5,"column":27}},"5":{"start":{"line":12,"column":2},"end":{"line":12,"column":26}},"6":{"start":{"line":14,"column":2},"end":{"line":14,"column":26}},"7":{"start":{"line":17,"column":0},"end":{"line":17,"column":35}},"8":{"start":{"line":20,"column":12},"end":{"line":20,"column":56}},"9":{"start":{"line":21,"column":2},"end":{"line":21,"column":30}},"10":{"start":{"line":21,"column":16},"end":{"line":21,"column":30}},"11":{"start":{"line":22,"column":2},"end":{"line":22,"column":12}},"12":{"start":{"line":26,"column":2},"end":{"line":26,"column":78}},"13":{"start":{"line":27,"column":2},"end":{"line":27,"column":13}},"14":{"start":{"line":30,"column":0},"end":{"line":177,"column":3}},"15":{"start":{"line":52,"column":13},"end":{"line":52,"column":30}},"16":{"start":{"line":53,"column":4},"end":{"line":53,"column":37}},"17":{"start":{"line":53,"column":18},"end":{"line":53,"column":37}},"18":{"start":{"line":63,"column":4},"end":{"line":63,"column":19}},"19":{"start":{"line":75,"column":4},"end":{"line":75,"column":29}},"20":{"start":{"line":87,"column":4},"end":{"line":87,"column":29}},"21":{"start":{"line":99,"column":4},"end":{"line":99,"column":29}},"22":{"start":{"line":110,"column":4},"end":{"line":110,"column":29}},"23":{"start":{"line":119,"column":4},"end":{"line":119,"column":29}},"24":{"start":{"line":128,"column":4},"end":{"line":128,"column":28}},"25":{"start":{"line":137,"column":4},"end":{"line":137,"column":29}},"26":{"start":{"line":147,"column":4},"end":{"line":147,"column":29}},"27":{"start":{"line":157,"column":4},"end":{"line":157,"column":29}},"28":{"start":{"line":166,"column":4},"end":{"line":166,"column":29}},"29":{"start":{"line":175,"column":4},"end":{"line":175,"column":29}},"30":{"start":{"line":179,"column":0},"end":{"line":188,"column":2}},"31":{"start":{"line":181,"column":2},"end":{"line":186,"column":3}},"32":{"start":{"line":182,"column":4},"end":{"line":182,"column":34}},"33":{"start":{"line":185,"column":4},"end":{"line":185,"column":35}},"34":{"start":{"line":187,"column":2},"end":{"line":187,"column":18}},"35":{"start":{"line":190,"column":0},"end":{"line":190,"column":23}}},"fnMap":{"0":{"name":"Store","decl":{"start":{"line":11,"column":9},"end":{"line":11,"column":14}},"loc":{"start":{"line":11,"column":24},"end":{"line":15,"column":1}},"line":11},"1":{"name":"implementError","decl":{"start":{"line":19,"column":9},"end":{"line":19,"column":23}},"loc":{"start":{"line":19,"column":35},"end":{"line":23,"column":1}},"line":19},"2":{"name":"silentWarning","decl":{"start":{"line":25,"column":9},"end":{"line":25,"column":22}},"loc":{"start":{"line":25,"column":33},"end":{"line":28,"column":1}},"line":25},"3":{"name":"(anonymous_3)","decl":{"start":{"line":51,"column":12},"end":{"line":51,"column":13}},"loc":{"start":{"line":51,"column":32},"end":{"line":54,"column":3}},"line":51},"4":{"name":"(anonymous_4)","decl":{"start":{"line":62,"column":20},"end":{"line":62,"column":21}},"loc":{"start":{"line":62,"column":50},"end":{"line":64,"column":3}},"line":62},"5":{"name":"(anonymous_5)","decl":{"start":{"line":74,"column":13},"end":{"line":74,"column":14}},"loc":{"start":{"line":74,"column":53},"end":{"line":76,"column":3}},"line":74},"6":{"name":"(anonymous_6)","decl":{"start":{"line":86,"column":18},"end":{"line":86,"column":19}},"loc":{"start":{"line":86,"column":64},"end":{"line":88,"column":3}},"line":86},"7":{"name":"(anonymous_7)","decl":{"start":{"line":98,"column":23},"end":{"line":98,"column":24}},"loc":{"start":{"line":98,"column":66},"end":{"line":100,"column":3}},"line":98},"8":{"name":"(anonymous_8)","decl":{"start":{"line":109,"column":15},"end":{"line":109,"column":16}},"loc":{"start":{"line":109,"column":50},"end":{"line":111,"column":3}},"line":109},"9":{"name":"(anonymous_9)","decl":{"start":{"line":118,"column":15},"end":{"line":118,"column":16}},"loc":{"start":{"line":118,"column":40},"end":{"line":120,"column":3}},"line":118},"10":{"name":"(anonymous_10)","decl":{"start":{"line":127,"column":18},"end":{"line":127,"column":19}},"loc":{"start":{"line":127,"column":44},"end":{"line":129,"column":3}},"line":127},"11":{"name":"(anonymous_11)","decl":{"start":{"line":136,"column":13},"end":{"line":136,"column":14}},"loc":{"start":{"line":136,"column":39},"end":{"line":138,"column":3}},"line":136},"12":{"name":"(anonymous_12)","decl":{"start":{"line":146,"column":16},"end":{"line":146,"column":17}},"loc":{"start":{"line":146,"column":43},"end":{"line":148,"column":3}},"line":146},"13":{"name":"(anonymous_13)","decl":{"start":{"line":156,"column":25},"end":{"line":156,"column":26}},"loc":{"start":{"line":156,"column":52},"end":{"line":158,"column":3}},"line":156},"14":{"name":"(anonymous_14)","decl":{"start":{"line":165,"column":24},"end":{"line":165,"column":25}},"loc":{"start":{"line":165,"column":48},"end":{"line":167,"column":3}},"line":165},"15":{"name":"(anonymous_15)","decl":{"start":{"line":174,"column":9},"end":{"line":174,"column":10}},"loc":{"start":{"line":174,"column":29},"end":{"line":176,"column":3}},"line":174},"16":{"name":"(anonymous_16)","decl":{"start":{"line":179,"column":12},"end":{"line":179,"column":13}},"loc":{"start":{"line":179,"column":33},"end":{"line":188,"column":1}},"line":179}},"branchMap":{"0":{"loc":{"start":{"line":12,"column":12},"end":{"line":12,"column":25}},"type":"binary-expr","locations":[{"start":{"line":12,"column":12},"end":{"line":12,"column":19}},{"start":{"line":12,"column":23},"end":{"line":12,"column":25}}],"line":12},"1":{"loc":{"start":{"line":21,"column":2},"end":{"line":21,"column":30}},"type":"if","locations":[{"start":{"line":21,"column":2},"end":{"line":21,"column":30}},{"start":{"line":21,"column":2},"end":{"line":21,"column":30}}],"line":21},"2":{"loc":{"start":{"line":53,"column":4},"end":{"line":53,"column":37}},"type":"if","locations":[{"start":{"line":53,"column":4},"end":{"line":53,"column":37}},{"start":{"line":53,"column":4},"end":{"line":53,"column":37}}],"line":53}},"s":{"0":1,"1":1,"2":1,"3":1,"4":1,"5":150,"6":150,"7":1,"8":0,"9":0,"10":0,"11":0,"12":0,"13":0,"14":1,"15":0,"16":0,"17":0,"18":0,"19":0,"20":0,"21":0,"22":0,"23":0,"24":0,"25":0,"26":0,"27":0,"28":0,"29":0,"30":1,"31":0,"32":0,"33":0,"34":0,"35":1},"f":{"0":150,"1":0,"2":0,"3":0,"4":0,"5":0,"6":0,"7":0,"8":0,"9":0,"10":0,"11":0,"12":0,"13":0,"14":0,"15":0,"16":0},"b":{"0":[150,0],"1":[0,0],"2":[0,0]},"_coverageSchema":"1a1c01bbd47fc00a2c39e90264f33305004495a9","hash":"6396ad3a22ff551b09542ecd74bfc8fbe83cbc2e","contentHash":"e25b780fabe3840137da9825bf070ae82224da646326b26092543d41d910b938"},"/Users/markrobertaldecimo/Documents/Saperium/node-eventstore/lib/databases/errors/EventStoreDuplicateError.js":{"path":"/Users/markrobertaldecimo/Documents/Saperium/node-eventstore/lib/databases/errors/EventStoreDuplicateError.js","statementMap":{"0":{"start":{"line":4,"column":8},"end":{"line":4,"column":23}},"1":{"start":{"line":5,"column":8},"end":{"line":5,"column":47}},"2":{"start":{"line":9,"column":0},"end":{"line":9,"column":42}}},"fnMap":{"0":{"name":"(anonymous_0)","decl":{"start":{"line":3,"column":4},"end":{"line":3,"column":5}},"loc":{"start":{"line":3,"column":25},"end":{"line":6,"column":5}},"line":3}},"branchMap":{},"s":{"0":2,"1":2,"2":1},"f":{"0":2},"b":{},"_coverageSchema":"1a1c01bbd47fc00a2c39e90264f33305004495a9","hash":"47df2efc379b11a24a88237c32014ce3659e2d7c","contentHash":"7fb70ee25b919192910895c589a6b39e56b5e1a78a960851ca01837a7d4b24c2"}}